2016/06/22 20:40:32    select * from user where id='10'
2016/06/22 20:40:32    update user set count=16,lastdate=now() where id='10'
2016/06/22 20:40:33    select id,type,text,picture from theme where not id in(9999999999999999999999) ORDER BY RAND() LIMIT 1 
2016/06/22 20:40:49    select * from user where id='12'
2016/06/22 20:40:50    select id,type,text,picture from theme where not id in(8) ORDER BY RAND() LIMIT 1 
2016/06/22 20:41:06    select id,type,text,picture from theme where not id in(8,3) ORDER BY RAND() LIMIT 1 
2016/06/22 20:41:06    select id,type,text,picture from theme where not id in(8,3,7) ORDER BY RAND() LIMIT 1 
2016/06/22 20:41:38    select id,type,text,picture from theme where not id in(8,3,7,9) ORDER BY RAND() LIMIT 1 
2016/06/22 20:41:38    select id,type,text,picture from theme  ORDER BY RAND() LIMIT 1 
2016/06/22 20:41:38    select id,type,text,picture from theme where not id in(7) ORDER BY RAND() LIMIT 1 
2016/06/22 20:44:13    select * from user where id='12'
2016/06/22 20:44:13    update user set count=6,lastdate=now() where id='12'
2016/06/22 20:44:14    select id,type,text,picture from theme where not id in(9999999999999999999999) ORDER BY RAND() LIMIT 1 
2016/06/22 20:44:17    select * from user where id='10'
2016/06/22 20:44:17    select id,type,text,picture from theme where not id in(9) ORDER BY RAND() LIMIT 1 
2016/06/22 20:44:29    select * from user where id='11'
2016/06/22 20:44:30    select id,type,text,picture from theme where not id in(9,7) ORDER BY RAND() LIMIT 1 
2016/06/22 20:44:46     insert into seq_game_log   (     hoge  )  values (?) 
2016/06/22 20:44:46    select id,type,text,picture from theme where not id in(9,7,3) ORDER BY RAND() LIMIT 1 
2016/06/22 20:44:47    select id,type,text,picture from theme where not id in(9,7,3,8) ORDER BY RAND() LIMIT 1 
2016/06/22 20:44:47    select id,type,text,picture from theme  ORDER BY RAND() LIMIT 1 
2016/06/22 20:44:47    select id,type,text,picture from theme where not id in(9,7,3,8) ORDER BY RAND() LIMIT 1 
2016/06/22 20:44:47    select id,type,text,picture from theme  ORDER BY RAND() LIMIT 1 
2016/06/22 20:45:17     insert into seq_game_log   (     hoge  )  values (?) 
2016/06/22 20:45:18    select id,type,text,picture from theme where not id in(9) ORDER BY RAND() LIMIT 1 
2016/06/22 20:45:18    select id,type,text,picture from theme where not id in(9) ORDER BY RAND() LIMIT 1 
2016/06/22 20:45:19    select id,type,text,picture from theme where not id in(9,7,8) ORDER BY RAND() LIMIT 1 
2016/06/22 20:45:48     insert into seq_game_log   (     hoge  )  values (?) 
2016/06/22 20:45:49    select id,type,text,picture from theme where not id in(9,7,8,3) ORDER BY RAND() LIMIT 1 
2016/06/22 20:45:49    select id,type,text,picture from theme  ORDER BY RAND() LIMIT 1 
2016/06/22 20:45:49    select id,type,text,picture from theme where not id in(9,7,8,3) ORDER BY RAND() LIMIT 1 
2016/06/22 20:45:49    select id,type,text,picture from theme where not id in(9,7,8,3) ORDER BY RAND() LIMIT 1 
2016/06/22 20:45:49    select id,type,text,picture from theme  ORDER BY RAND() LIMIT 1 
2016/06/22 20:45:49    select id,type,text,picture from theme  ORDER BY RAND() LIMIT 1 
2016/06/22 20:46:20     insert into seq_game_log   (     hoge  )  values (?) 
2016/06/22 20:46:20    select id,type,text,picture from theme where not id in(8) ORDER BY RAND() LIMIT 1 
2016/06/22 20:46:21    select id,type,text,picture from theme where not id in(8,9) ORDER BY RAND() LIMIT 1 
2016/06/22 20:46:22    select id,type,text,picture from theme where not id in(8,9,7) ORDER BY RAND() LIMIT 1 
2016/06/22 20:46:51     insert into seq_game_log   (     hoge  )  values (?) 
2016/06/22 20:46:51    select id,type,text,picture from theme where not id in(8,9,7,3) ORDER BY RAND() LIMIT 1 
2016/06/22 20:46:52    select id,type,text,picture from theme  ORDER BY RAND() LIMIT 1 
2016/06/22 20:46:52    select id,type,text,picture from theme where not id in(3) ORDER BY RAND() LIMIT 1 
2016/06/22 20:46:53    select id,type,text,picture from theme where not id in(3,9) ORDER BY RAND() LIMIT 1 
2016/06/22 20:47:22     insert into seq_game_log   (     hoge  )  values (?) 
2016/06/22 20:47:22    select id,type,text,picture from theme where not id in(3,9,8) ORDER BY RAND() LIMIT 1 
2016/06/22 20:47:23    select id,type,text,picture from theme where not id in(3,9,8,7) ORDER BY RAND() LIMIT 1 
2016/06/22 20:47:23    select id,type,text,picture from theme  ORDER BY RAND() LIMIT 1 
2016/06/22 20:47:23    select id,type,text,picture from theme where not id in(3) ORDER BY RAND() LIMIT 1 
2016/06/22 20:47:53     insert into seq_game_log   (     hoge  )  values (?) 
2016/06/22 20:47:54    select id,type,text,picture from theme where not id in(3,8) ORDER BY RAND() LIMIT 1 
2016/06/22 20:47:54    select id,type,text,picture from theme where not id in(3,8) ORDER BY RAND() LIMIT 1 
2016/06/22 20:47:54    select id,type,text,picture from theme where not id in(3,8,9,9) ORDER BY RAND() LIMIT 1 
2016/06/22 20:48:25     insert into seq_game_log   (     hoge  )  values (?) 
2016/06/22 20:48:25    select id,type,text,picture from theme where not id in(3,8,9,9,7) ORDER BY RAND() LIMIT 1 
2016/06/22 20:48:25    select id,type,text,picture from theme  ORDER BY RAND() LIMIT 1 
2016/06/22 20:48:25    select id,type,text,picture from theme where not id in(3,8,9,9,7) ORDER BY RAND() LIMIT 1 
2016/06/22 20:48:25    select id,type,text,picture from theme  ORDER BY RAND() LIMIT 1 
2016/06/22 20:48:26    select id,type,text,picture from theme where not id in(8) ORDER BY RAND() LIMIT 1 
2016/06/22 20:48:55     insert into seq_game_log   (     hoge  )  values (?) 
2016/06/22 20:48:56    select id,type,text,picture from theme where not id in(8,3) ORDER BY RAND() LIMIT 1 
2016/06/22 20:48:56    select id,type,text,picture from theme where not id in(8,3,7) ORDER BY RAND() LIMIT 1 
2016/06/22 20:48:56    select id,type,text,picture from theme where not id in(8,3,7,9) ORDER BY RAND() LIMIT 1 
2016/06/22 20:48:57    select id,type,text,picture from theme  ORDER BY RAND() LIMIT 1 
2016/06/22 20:49:26     insert into seq_game_log   (     hoge  )  values (?) 
2016/06/22 20:49:27    select id,type,text,picture from theme where not id in(9) ORDER BY RAND() LIMIT 1 
2016/06/22 20:49:27    select id,type,text,picture from theme where not id in(9) ORDER BY RAND() LIMIT 1 
2016/06/22 20:49:27    select id,type,text,picture from theme where not id in(9,3,7) ORDER BY RAND() LIMIT 1 
2016/06/22 20:49:57     insert into seq_game_log   (     hoge  )  values (?) 
2016/06/22 20:49:57    select id,type,text,picture from theme where not id in(9,3,7,8) ORDER BY RAND() LIMIT 1 
2016/06/22 20:49:57    select id,type,text,picture from theme  ORDER BY RAND() LIMIT 1 
2016/06/22 20:49:58    select id,type,text,picture from theme where not id in(9) ORDER BY RAND() LIMIT 1 
2016/06/22 20:49:59    select id,type,text,picture from theme where not id in(9,7) ORDER BY RAND() LIMIT 1 
2016/06/22 20:50:28     insert into seq_game_log   (     hoge  )  values (?) 
2016/06/22 20:50:28    select id,type,text,picture from theme where not id in(9,7,8) ORDER BY RAND() LIMIT 1 
2016/06/22 20:50:29    select id,type,text,picture from theme where not id in(9,7,8,3) ORDER BY RAND() LIMIT 1 
2016/06/22 20:50:29    select id,type,text,picture from theme where not id in(9,7,8,3) ORDER BY RAND() LIMIT 1 
2016/06/22 20:50:29    select id,type,text,picture from theme  ORDER BY RAND() LIMIT 1 
2016/06/22 20:50:29    select id,type,text,picture from theme  ORDER BY RAND() LIMIT 1 
2016/06/22 20:50:58     insert into seq_game_log   (     hoge  )  values (?) 
2016/06/22 20:50:59    select id,type,text,picture from theme where not id in(7) ORDER BY RAND() LIMIT 1 
2016/06/22 20:50:59    select id,type,text,picture from theme where not id in(7,3) ORDER BY RAND() LIMIT 1 
2016/06/22 20:50:59    select id,type,text,picture from theme where not id in(7,3,8) ORDER BY RAND() LIMIT 1 
2016/06/22 20:51:30     insert into seq_game_log   (     hoge  )  values (?) 
2016/06/22 20:51:30    select id,type,text,picture from theme where not id in(7,3,8,9) ORDER BY RAND() LIMIT 1 
2016/06/22 20:51:30    select id,type,text,picture from theme  ORDER BY RAND() LIMIT 1 
2016/06/22 20:51:30    select id,type,text,picture from theme where not id in(9) ORDER BY RAND() LIMIT 1 
2016/06/22 20:51:31    select id,type,text,picture from theme where not id in(9,8) ORDER BY RAND() LIMIT 1 
2016/06/22 20:52:01     insert into seq_game_log   (     hoge  )  values (?) 
2016/06/22 20:52:01    select id,type,text,picture from theme where not id in(9,8,3) ORDER BY RAND() LIMIT 1 
2016/06/22 20:52:02    select id,type,text,picture from theme where not id in(9,8,3,7) ORDER BY RAND() LIMIT 1 
2016/06/22 20:52:02    select id,type,text,picture from theme where not id in(9,8,3,7) ORDER BY RAND() LIMIT 1 
2016/06/22 20:52:02    select id,type,text,picture from theme  ORDER BY RAND() LIMIT 1 
2016/06/22 20:52:02    select id,type,text,picture from theme  ORDER BY RAND() LIMIT 1 
2016/06/22 21:10:42    select * from user where id='10'
2016/06/22 21:10:42    update user set count=17,lastdate=now() where id='10'
2016/06/22 21:10:42    select id,type,text,picture from theme where not id in(9999999999999999999999) ORDER BY RAND() LIMIT 1 
2016/06/22 21:10:49    select * from user where id='12'
2016/06/22 21:10:49    select id,type,text,picture from theme where not id in(7) ORDER BY RAND() LIMIT 1 
2016/06/22 21:10:53    select * from user where id='11'
2016/06/22 21:10:53    select id,type,text,picture from theme where not id in(7,9) ORDER BY RAND() LIMIT 1 
2016/06/22 21:11:14     insert into seq_game_log   (     hoge  )  values (?) 
2016/06/22 21:11:15    select id,type,text,picture from theme where not id in(7,9,3) ORDER BY RAND() LIMIT 1 
2016/06/22 21:11:15    select id,type,text,picture from theme where not id in(7,9,3) ORDER BY RAND() LIMIT 1 
2016/06/22 21:11:15    select id,type,text,picture from theme where not id in(7,9,3,8,8) ORDER BY RAND() LIMIT 1 
2016/06/22 21:11:15    select id,type,text,picture from theme  ORDER BY RAND() LIMIT 1 
2016/06/22 21:11:45     insert into seq_game_log   (     hoge  )  values (?) 
2016/06/22 21:11:46    select id,type,text,picture from theme where not id in(7) ORDER BY RAND() LIMIT 1 
2016/06/22 21:11:46    select id,type,text,picture from theme where not id in(7,3) ORDER BY RAND() LIMIT 1 
2016/06/22 21:11:46    select id,type,text,picture from theme where not id in(7,3,9) ORDER BY RAND() LIMIT 1 
2016/06/22 21:12:16     insert into seq_game_log   (     hoge  )  values (?) 
2016/06/22 21:12:17    select id,type,text,picture from theme where not id in(7,3,9,8) ORDER BY RAND() LIMIT 1 
2016/06/22 21:12:17    select id,type,text,picture from theme  ORDER BY RAND() LIMIT 1 
2016/06/22 21:12:17    select id,type,text,picture from theme where not id in(7,3,9,8) ORDER BY RAND() LIMIT 1 
2016/06/22 21:12:17    select id,type,text,picture from theme  ORDER BY RAND() LIMIT 1 
2016/06/22 21:12:17    select id,type,text,picture from theme where not id in(3) ORDER BY RAND() LIMIT 1 
2016/06/22 21:12:47     insert into seq_game_log   (     hoge  )  values (?) 
2016/06/22 21:12:48    select id,type,text,picture from theme where not id in(7,9) ORDER BY RAND() LIMIT 1 
2016/06/22 21:12:48    select id,type,text,picture from theme where not id in(7,9,3) ORDER BY RAND() LIMIT 1 
2016/06/22 21:12:48    select id,type,text,picture from theme where not id in(7,9,3) ORDER BY RAND() LIMIT 1 
2016/06/22 21:13:19     insert into seq_game_log   (     hoge  )  values (?) 
2016/06/22 21:13:19    select id,type,text,picture from theme where not id in(7,9,3,8,8) ORDER BY RAND() LIMIT 1 
2016/06/22 21:13:19    select id,type,text,picture from theme where not id in(7,9,3,8,8) ORDER BY RAND() LIMIT 1 
2016/06/22 21:13:19    select id,type,text,picture from theme  ORDER BY RAND() LIMIT 1 
2016/06/22 21:13:19    select id,type,text,picture from theme  ORDER BY RAND() LIMIT 1 
2016/06/22 21:13:19    select id,type,text,picture from theme where not id in(7) ORDER BY RAND() LIMIT 1 
2016/06/22 21:13:47     insert into seq_game_log   (     hoge  )  values (?) 
2016/06/22 21:13:56     insert into seq_game_log   (     hoge  )  values (?) 
2016/06/22 21:14:12     insert into seq_game_log   (     hoge  )  values (?) 
2016/06/22 21:14:12     insert into seq_game_log   (     hoge  )  values (?) 
2016/06/22 21:14:13     insert into seq_game_log   (     hoge  )  values (?) 
2016/06/22 21:14:14     insert into seq_game_log   (     hoge  )  values (?) 
2016/06/22 21:14:20     insert into seq_game_log   (     hoge  )  values (?) 
2016/06/22 21:15:01     insert into seq_game_log   (     hoge  )  values (?) 
2016/06/22 21:18:34    select * from user where id='10'
2016/06/22 21:18:34    update user set count=18,lastdate=now() where id='10'
2016/06/22 21:18:34    select id,type,text,picture from theme where not id in(9999999999999999999999) ORDER BY RAND() LIMIT 1 
2016/06/22 21:18:44    select * from user where id='12'
2016/06/22 21:18:44    select id,type,text,picture from theme where not id in(8) ORDER BY RAND() LIMIT 1 
2016/06/22 21:18:53     insert into seq_game_log   (     hoge  )  values (?) 
2016/06/22 21:19:03     insert into seq_game_log   (     hoge  )  values (?) 
2016/06/22 21:19:07     insert into seq_game_log   (     hoge  )  values (?) 
2016/06/22 21:19:08     insert into seq_game_log   (     hoge  )  values (?) 
2016/06/22 21:19:09     insert into seq_game_log   (     hoge  )  values (?) 
2016/06/22 21:19:19     insert into seq_game_log   (     hoge  )  values (?) 
2016/06/22 21:19:31     insert into seq_game_log   (     hoge  )  values (?) 
2016/06/22 21:21:22    select * from user where id='10'
2016/06/22 21:21:22    update user set count=19,lastdate=now() where id='10'
2016/06/22 21:21:22    select id,type,text,picture from theme where not id in(9999999999999999999999) ORDER BY RAND() LIMIT 1 
2016/06/22 21:21:41     insert into seq_game_log   (     hoge  )  values (?) 
2016/06/22 21:21:52     insert into seq_game_log   (     hoge  )  values (?) 
2016/06/22 21:28:37    select * from user where id='10'
2016/06/22 21:28:37    update user set count=20,lastdate=now() where id='10'
2016/06/22 21:28:38    select id,type,text,picture from theme where not id in(9999999999999999999999) ORDER BY RAND() LIMIT 1 
2016/06/22 21:28:38    select id,type,text,picture from theme where not id in(9999999999999999999999) ORDER BY RAND() LIMIT 1 
2016/06/22 21:28:56    select * from user where id='12'
2016/06/22 21:28:56    select id,type,text,picture from theme where not id in(3,7) ORDER BY RAND() LIMIT 1 
2016/06/22 21:28:57     insert into seq_game_log   (     hoge  )  values (?) 
2016/06/22 21:28:57    com.mysql.jdbc.PreparedStatement@6185e90f: statement has been closed, no further internal information available
2016/06/22 21:28:58    select id,type,text,picture from theme where not id in(3,7,8) ORDER BY RAND() LIMIT 1 
2016/06/22 21:29:29     insert into seq_game_log   (     hoge  )  values (?) 
2016/06/22 21:29:29    com.mysql.jdbc.PreparedStatement@384ab40a: statement has been closed, no further internal information available
2016/06/22 21:29:29    select id,type,text,picture from theme where not id in(3,7,8,9) ORDER BY RAND() LIMIT 1 
2016/06/22 21:29:29    select id,type,text,picture from theme  ORDER BY RAND() LIMIT 1 
2016/06/22 21:29:30    select id,type,text,picture from theme where not id in(3) ORDER BY RAND() LIMIT 1 
2016/06/22 21:30:01     insert into seq_game_log   (     hoge  )  values (?) 
2016/06/22 21:30:02    select id,type,text,picture from theme where not id in(3,7) ORDER BY RAND() LIMIT 1 
2016/06/22 21:30:02    select id,type,text,picture from theme where not id in(3,7) ORDER BY RAND() LIMIT 1 
2016/06/22 21:30:33     insert into seq_game_log   (     hoge  )  values (?) 
2016/06/22 21:30:33    select id,type,text,picture from theme where not id in(3,7,8,8) ORDER BY RAND() LIMIT 1 
2016/06/22 21:30:35    select id,type,text,picture from theme where not id in(3,7,8,8,9) ORDER BY RAND() LIMIT 1 
2016/06/22 21:30:35    select id,type,text,picture from theme  ORDER BY RAND() LIMIT 1 
2016/06/22 21:30:40    select * from user where id='11'
2016/06/22 21:30:40    select id,type,text,picture from theme where not id in(9) ORDER BY RAND() LIMIT 1 
2016/06/22 21:30:40    select id,type,text,picture from theme where not id in(9,7) ORDER BY RAND() LIMIT 1 
2016/06/22 21:31:04     insert into seq_game_log   (     hoge  )  values (?) 
2016/06/22 21:31:04    com.mysql.jdbc.PreparedStatement@6eef4599: statement has been closed, no further internal information available
2016/06/22 21:31:04    select id,type,text,picture from theme where not id in(9,7,8) ORDER BY RAND() LIMIT 1 
2016/06/22 21:31:04    select id,type,text,picture from theme where not id in(9,7,8,3) ORDER BY RAND() LIMIT 1 
2016/06/22 21:31:04    select id,type,text,picture from theme  ORDER BY RAND() LIMIT 1 
2016/06/22 21:31:05    select id,type,text,picture from theme where not id in(9) ORDER BY RAND() LIMIT 1 
2016/06/22 21:31:35     insert into seq_game_log   (     hoge  )  values (?) 
2016/06/22 21:31:46    select id,type,text,picture from theme where not id in(9,7) ORDER BY RAND() LIMIT 1 
2016/06/22 21:31:46    select id,type,text,picture from theme where not id in(9,7) ORDER BY RAND() LIMIT 1 
2016/06/22 21:31:46    select id,type,text,picture from theme where not id in(9,7) ORDER BY RAND() LIMIT 1 
2016/06/22 21:32:57     insert into seq_game_log   (     hoge  )  values (?) 
2016/06/22 21:33:38    select id,type,text,picture from theme where not id in(9,7,8,8,3) ORDER BY RAND() LIMIT 1 
2016/06/22 21:33:38    select id,type,text,picture from theme where not id in(9,7,8,8,3) ORDER BY RAND() LIMIT 1 
2016/06/22 21:33:38    select id,type,text,picture from theme  ORDER BY RAND() LIMIT 1 
2016/06/22 21:33:38    select id,type,text,picture from theme where not id in(9,7,8,8,3) ORDER BY RAND() LIMIT 1 
2016/06/22 21:33:38    select id,type,text,picture from theme  ORDER BY RAND() LIMIT 1 
2016/06/22 21:33:38    select id,type,text,picture from theme  ORDER BY RAND() LIMIT 1 
2016/06/22 21:34:08     insert into seq_game_log   (     hoge  )  values (?) 
2016/06/22 21:34:29    select id,type,text,picture from theme where not id in(7) ORDER BY RAND() LIMIT 1 
2016/06/22 21:34:29    select id,type,text,picture from theme where not id in(7) ORDER BY RAND() LIMIT 1 
2016/06/22 21:34:30    select id,type,text,picture from theme where not id in(7) ORDER BY RAND() LIMIT 1 
2016/06/22 21:38:07    select * from user where id='10'
2016/06/22 21:38:07    update user set count=21,lastdate=now() where id='10'
2016/06/22 21:38:07    select id,type,text,picture from theme where not id in(9999999999999999999999) ORDER BY RAND() LIMIT 1 
2016/06/22 21:38:12    select * from user where id='12'
2016/06/22 21:38:12    select id,type,text,picture from theme where not id in(9) ORDER BY RAND() LIMIT 1 
2016/06/22 21:38:18    select * from user where id='11'
2016/06/22 21:38:19    select id,type,text,picture from theme where not id in(9,3) ORDER BY RAND() LIMIT 1 
2016/06/22 21:38:29     insert into seq_game_log   (     hoge  )  values (?) 
2016/06/22 21:38:29     insert into seq_game_log   (     hoge  )  values (?) 
2016/06/22 21:38:29     insert into seq_game_log   (     hoge  )  values (?) 
2016/06/22 21:38:30    select id,type,text,picture from theme where not id in(9,3,8) ORDER BY RAND() LIMIT 1 
2016/06/22 21:38:30    select id,type,text,picture from theme where not id in(9,3,8) ORDER BY RAND() LIMIT 1 
2016/06/22 21:38:30    select id,type,text,picture from theme where not id in(9,3,8) ORDER BY RAND() LIMIT 1 
2016/06/22 21:39:31    select * from user where id='10'
2016/06/22 21:39:31    update user set count=22,lastdate=now() where id='10'
2016/06/22 21:39:31    select id,type,text,picture from theme where not id in(9999999999999999999999) ORDER BY RAND() LIMIT 1 
2016/06/22 21:39:36    select * from user where id='12'
2016/06/22 21:39:36    select id,type,text,picture from theme where not id in(7) ORDER BY RAND() LIMIT 1 
2016/06/22 21:39:48     insert into seq_game_log   (     hoge  )  values (?) 
2016/06/22 21:39:48     insert into seq_game_log   (     hoge  )  values (?) 
2016/06/22 21:39:49    com.mysql.jdbc.PreparedStatement@4fc64ed8: statement has been closed, no further internal information available
2016/06/22 21:39:49    com.mysql.jdbc.PreparedStatement@64626fd2: statement has been closed, no further internal information available
2016/06/22 21:39:49    select id,type,text,picture from theme where not id in(7,8) ORDER BY RAND() LIMIT 1 
2016/06/22 21:39:50    select id,type,text,picture from theme where not id in(7,8,9) ORDER BY RAND() LIMIT 1 
2016/06/22 21:40:21    select id,type,text,picture from theme where not id in(7,8,9,3) ORDER BY RAND() LIMIT 1 
2016/06/22 21:40:21    select id,type,text,picture from theme  ORDER BY RAND() LIMIT 1 
2016/06/22 21:40:21    select id,type,text,picture from theme where not id in(7) ORDER BY RAND() LIMIT 1 
2016/06/22 21:40:25    select * from user where id='11'
2016/06/22 21:40:25    select id,type,text,picture from theme where not id in(7,3) ORDER BY RAND() LIMIT 1 
2016/06/22 21:40:51     insert into seq_game_log   (     hoge  )  values (?) 
2016/06/22 21:40:52     insert into seq_game_log   (     hoge  )  values (?) 
2016/06/22 21:40:52    com.mysql.jdbc.PreparedStatement@2bacee78: statement has been closed, no further internal information available
2016/06/22 21:40:52    com.mysql.jdbc.PreparedStatement@665c1eae: statement has been closed, no further internal information available
2016/06/22 21:40:52    select id,type,text,picture from theme where not id in(7,3,8) ORDER BY RAND() LIMIT 1 
2016/06/22 21:40:52    select id,type,text,picture from theme where not id in(7,3,8,9) ORDER BY RAND() LIMIT 1 
2016/06/22 21:40:53    select id,type,text,picture from theme  ORDER BY RAND() LIMIT 1 
2016/06/22 21:40:53    select id,type,text,picture from theme where not id in(7,3,8,9) ORDER BY RAND() LIMIT 1 
2016/06/22 21:40:53    select id,type,text,picture from theme  ORDER BY RAND() LIMIT 1 
2016/06/22 21:41:23    select id,type,text,picture from theme where not id in(7) ORDER BY RAND() LIMIT 1 
2016/06/22 21:41:24    select id,type,text,picture from theme where not id in(7,3) ORDER BY RAND() LIMIT 1 
2016/06/22 21:41:25    select id,type,text,picture from theme where not id in(7,3,8) ORDER BY RAND() LIMIT 1 
2016/06/22 21:41:54    select id,type,text,picture from theme where not id in(7,3,8,9) ORDER BY RAND() LIMIT 1 
2016/06/22 21:41:54    select id,type,text,picture from theme  ORDER BY RAND() LIMIT 1 
2016/06/22 21:41:55    select id,type,text,picture from theme where not id in(3) ORDER BY RAND() LIMIT 1 
2016/06/22 21:41:55    select id,type,text,picture from theme where not id in(3) ORDER BY RAND() LIMIT 1 
2016/06/22 21:42:25    select id,type,text,picture from theme where not id in(3,8,7) ORDER BY RAND() LIMIT 1 
2016/06/22 21:42:26    select id,type,text,picture from theme where not id in(3,8,7,9) ORDER BY RAND() LIMIT 1 
2016/06/22 21:42:26    select id,type,text,picture from theme where not id in(3,8,7,9) ORDER BY RAND() LIMIT 1 
2016/06/22 21:42:26    select id,type,text,picture from theme  ORDER BY RAND() LIMIT 1 
2016/06/22 21:42:26    select id,type,text,picture from theme  ORDER BY RAND() LIMIT 1 
2016/06/22 21:42:56    select id,type,text,picture from theme where not id in(9) ORDER BY RAND() LIMIT 1 
2016/06/22 21:42:57    select id,type,text,picture from theme where not id in(9,3) ORDER BY RAND() LIMIT 1 
2016/06/22 21:42:58    select id,type,text,picture from theme where not id in(9,3,7) ORDER BY RAND() LIMIT 1 
2016/06/22 21:43:28    select id,type,text,picture from theme where not id in(9,3,7,8) ORDER BY RAND() LIMIT 1 
2016/06/22 21:43:28    select id,type,text,picture from theme where not id in(9,3,7,8) ORDER BY RAND() LIMIT 1 
2016/06/22 21:43:28    select id,type,text,picture from theme where not id in(9,3,7,8) ORDER BY RAND() LIMIT 1 
2016/06/22 21:43:28    select id,type,text,picture from theme  ORDER BY RAND() LIMIT 1 
2016/06/22 21:43:28    select id,type,text,picture from theme  ORDER BY RAND() LIMIT 1 
2016/06/22 21:43:29    select id,type,text,picture from theme  ORDER BY RAND() LIMIT 1 
2016/06/22 21:46:59    select * from user where id='10'
2016/06/22 21:46:59    update user set count=23,lastdate=now() where id='10'
2016/06/22 21:46:59    select id,type,text,picture from theme where not id in(9999999999999999999999) ORDER BY RAND() LIMIT 1 
2016/06/22 21:47:07    select * from user where id='11'
2016/06/22 21:47:07    select id,type,text,picture from theme where not id in(9) ORDER BY RAND() LIMIT 1 
2016/06/22 21:47:18     insert into seq_game_log   (     hoge  )  values (?) 
2016/06/22 21:47:18     insert into seq_game_log   (     hoge  )  values (?) 
2016/06/22 21:47:18    com.mysql.jdbc.PreparedStatement@15a4eb56: statement has been closed, no further internal information available
2016/06/22 21:47:18    com.mysql.jdbc.PreparedStatement@7e566633: statement has been closed, no further internal information available
2016/06/22 21:47:18    select id,type,text,picture from theme where not id in(9,3) ORDER BY RAND() LIMIT 1 
2016/06/22 21:47:19    select id,type,text,picture from theme where not id in(9,3) ORDER BY RAND() LIMIT 1 
2016/06/22 21:47:29     insert into seq_game_log   (     hoge  )  values (?) 
2016/06/22 21:47:29     insert into seq_game_log   (     hoge  )  values (?) 
2016/06/22 21:47:29    com.mysql.jdbc.PreparedStatement@6839ea58: statement has been closed, no further internal information available
2016/06/22 21:47:29    com.mysql.jdbc.PreparedStatement@32486cdd: statement has been closed, no further internal information available
2016/06/22 21:47:30    select id,type,text,picture from theme where not id in(9,3,8,7) ORDER BY RAND() LIMIT 1 
2016/06/22 21:47:30    select id,type,text,picture from theme where not id in(9,3,8,7) ORDER BY RAND() LIMIT 1 
2016/06/22 21:47:30    select id,type,text,picture from theme  ORDER BY RAND() LIMIT 1 
2016/06/22 21:47:30    select id,type,text,picture from theme  ORDER BY RAND() LIMIT 1 
2016/06/22 21:48:02    select id,type,text,picture from theme where not id in(9) ORDER BY RAND() LIMIT 1 
2016/06/22 21:48:03    select id,type,text,picture from theme where not id in(9,3) ORDER BY RAND() LIMIT 1 
2016/06/22 21:48:33    select id,type,text,picture from theme where not id in(9,3,8) ORDER BY RAND() LIMIT 1 
2016/06/22 21:48:33    select id,type,text,picture from theme where not id in(9,3,8,7) ORDER BY RAND() LIMIT 1 
2016/06/22 21:48:33    select id,type,text,picture from theme  ORDER BY RAND() LIMIT 1 
2016/06/22 21:49:09    select id,type,text,picture from theme where not id in(3) ORDER BY RAND() LIMIT 1 
2016/06/22 21:49:10    select id,type,text,picture from theme where not id in(3) ORDER BY RAND() LIMIT 1 
2016/06/22 21:49:50     insert into seq_game_log   (     hoge  )  values (?) 
2016/06/22 21:49:58    com.mysql.jdbc.PreparedStatement@6af2f0d0: statement has been closed, no further internal information available
2016/06/22 21:49:59    select id,type,text,picture from theme where not id in(3,9,7) ORDER BY RAND() LIMIT 1 
2016/06/22 21:54:00    select * from user where id='10'
2016/06/22 21:54:00    update user set count=24,lastdate=now() where id='10'
2016/06/22 21:54:00    select id,type,text,picture from theme where not id in(9999999999999999999999) ORDER BY RAND() LIMIT 1 
2016/06/22 21:54:10     insert into seq_game_log   (     hoge  )  values (?) 
2016/06/22 21:54:39    com.mysql.jdbc.PreparedStatement@3f7aa2a8: statement has been closed, no further internal information available
2016/06/22 21:54:39    select id,type,text,picture from theme where not id in(9) ORDER BY RAND() LIMIT 1 
2016/06/22 21:54:48    select * from user where id='11'
2016/06/22 21:54:48    select id,type,text,picture from theme where not id in(9,8) ORDER BY RAND() LIMIT 1 
2016/06/22 21:55:01     insert into seq_game_log   (     hoge  )  values (?) 
2016/06/22 21:55:28    com.mysql.jdbc.PreparedStatement@46c0fc8e: statement has been closed, no further internal information available
2016/06/22 21:55:28    com.mysql.jdbc.PreparedStatement@223dc13d: statement has been closed, no further internal information available
2016/06/22 21:55:29    select id,type,text,picture from theme where not id in(9,8,7) ORDER BY RAND() LIMIT 1 
2016/06/22 21:55:29    select id,type,text,picture from theme where not id in(9,8,7) ORDER BY RAND() LIMIT 1 
2016/06/22 21:58:01    select * from user where id='10'
2016/06/22 21:58:01    update user set count=25,lastdate=now() where id='10'
2016/06/22 21:58:01    select id,type,text,picture from theme where not id in(9999999999999999999999) ORDER BY RAND() LIMIT 1 
2016/06/22 21:58:06    select * from user where id='11'
2016/06/22 21:58:07    select id,type,text,picture from theme where not id in(7) ORDER BY RAND() LIMIT 1 
2016/06/22 21:58:19     insert into seq_game_log   (     hoge  )  values (?) 
2016/06/22 21:58:19    com.mysql.jdbc.PreparedStatement@30cafa1: statement has been closed, no further internal information available
2016/06/22 21:58:19    com.mysql.jdbc.PreparedStatement@35de7497: statement has been closed, no further internal information available
2016/06/22 21:58:19    select id,type,text,picture from theme where not id in(7,3) ORDER BY RAND() LIMIT 1 
2016/06/22 21:58:19    select id,type,text,picture from theme where not id in(7,3) ORDER BY RAND() LIMIT 1 
2016/06/22 21:58:35     insert into seq_game_log   (     hoge  )  values (?) 
2016/06/22 21:58:35    com.mysql.jdbc.PreparedStatement@546e3e5e: statement has been closed, no further internal information available
2016/06/22 21:58:35    com.mysql.jdbc.PreparedStatement@11c0b8a0: statement has been closed, no further internal information available
2016/06/22 21:58:36    select id,type,text,picture from theme where not id in(7,3,9,9) ORDER BY RAND() LIMIT 1 
2016/06/22 21:58:36    select id,type,text,picture from theme where not id in(7,3,9,9,8) ORDER BY RAND() LIMIT 1 
2016/06/22 21:58:36    select id,type,text,picture from theme  ORDER BY RAND() LIMIT 1 
2016/06/22 21:58:40    select * from user where id='12'
2016/06/22 21:58:41    select id,type,text,picture from theme where not id in(8) ORDER BY RAND() LIMIT 1 
2016/06/22 21:58:57     insert into seq_game_log   (     hoge  )  values (?) 
2016/06/22 21:58:57    com.mysql.jdbc.PreparedStatement@5b62f030: statement has been closed, no further internal information available
2016/06/22 21:58:57    com.mysql.jdbc.PreparedStatement@3c870e2f: statement has been closed, no further internal information available
2016/06/22 21:58:57    com.mysql.jdbc.PreparedStatement@46b44eb4: statement has been closed, no further internal information available
2016/06/22 21:58:57    select id,type,text,picture from theme where not id in(8,3) ORDER BY RAND() LIMIT 1 
2016/06/22 21:58:57    select id,type,text,picture from theme where not id in(8,3) ORDER BY RAND() LIMIT 1 
2016/06/22 21:58:58    select id,type,text,picture from theme where not id in(8,3,9,7) ORDER BY RAND() LIMIT 1 
2016/06/22 21:58:58    select id,type,text,picture from theme  ORDER BY RAND() LIMIT 1 
2016/06/22 21:59:27     insert into seq_game_log   (     hoge  )  values (?) 
2016/06/22 21:59:28    select id,type,text,picture from theme where not id in(9) ORDER BY RAND() LIMIT 1 
2016/06/22 21:59:28    select id,type,text,picture from theme where not id in(9,3) ORDER BY RAND() LIMIT 1 
2016/06/22 21:59:28    select id,type,text,picture from theme where not id in(9,3,7) ORDER BY RAND() LIMIT 1 
2016/06/22 21:59:58     insert into seq_game_log   (     hoge  )  values (?) 
2016/06/22 21:59:59    select id,type,text,picture from theme where not id in(9,3,7,8) ORDER BY RAND() LIMIT 1 
2016/06/22 21:59:59    select id,type,text,picture from theme  ORDER BY RAND() LIMIT 1 
2016/06/22 21:59:59    select id,type,text,picture from theme where not id in(8) ORDER BY RAND() LIMIT 1 
2016/06/22 21:59:59    select id,type,text,picture from theme where not id in(8) ORDER BY RAND() LIMIT 1 
