2016/07/06 12:57:18    java.io.FileNotFoundException: C:\workspace\design_work\Oogiri2\WebContent\log\20160706db.log (プロセスはファイルにアクセスできません。別のプロセスが使用中です。)
	at java.io.FileOutputStream.openAppend(Native Method)
	at java.io.FileOutputStream.<init>(FileOutputStream.java:192)
	at java.io.FileWriter.<init>(FileWriter.java:90)
	at etc.Log.log(Log.java:63)
	at etc.Log.dbLog(Log.java:30)
	at db.DBUtil.getGameSequence(DBUtil.java:139)
	at ap.GameLog.<init>(GameLog.java:22)
	at ap.Game.recordLog(Game.java:284)
	at ap.Game.changeStatus(Game.java:204)
	at ap.Game.access$4(Game.java:181)
	at ap.Game$3.run(Game.java:147)

2016/07/06 12:57:18    java.io.FileNotFoundException: C:\workspace\design_work\Oogiri2\WebContent\log\20160706db.log (プロセスはファイルにアクセスできません。別のプロセスが使用中です。)
	at java.io.FileOutputStream.openAppend(Native Method)
	at java.io.FileOutputStream.<init>(FileOutputStream.java:192)
	at java.io.FileWriter.<init>(FileWriter.java:90)
	at etc.Log.log(Log.java:63)
	at etc.Log.dbLog(Log.java:30)
	at db.DBUtil.getOneLineData(DBUtil.java:107)
	at ap.Game.setNewTheme(Game.java:431)
	at ap.Game.init(Game.java:281)
	at ap.Game.changeStatus(Game.java:206)
	at ap.Game.access$4(Game.java:181)
	at ap.Game$3.run(Game.java:147)

2016/07/06 12:57:19    java.io.FileNotFoundException: C:\workspace\design_work\Oogiri2\WebContent\log\20160706db.log (プロセスはファイルにアクセスできません。別のプロセスが使用中です。)
	at java.io.FileOutputStream.openAppend(Native Method)
	at java.io.FileOutputStream.<init>(FileOutputStream.java:192)
	at java.io.FileWriter.<init>(FileWriter.java:90)
	at etc.Log.log(Log.java:63)
	at etc.Log.dbLog(Log.java:30)
	at db.DBUtil.getOneLineData(DBUtil.java:107)
	at ap.Game.setNewTheme(Game.java:448)
	at ap.Game.init(Game.java:281)
	at ap.Game.changeStatus(Game.java:206)
	at ap.Game.access$4(Game.java:181)
	at ap.Game$3.run(Game.java:147)

2016/07/06 12:57:19    java.io.FileNotFoundException: C:\workspace\design_work\Oogiri2\WebContent\log\20160706db.log (プロセスはファイルにアクセスできません。別のプロセスが使用中です。)
	at java.io.FileOutputStream.openAppend(Native Method)
	at java.io.FileOutputStream.<init>(FileOutputStream.java:192)
	at java.io.FileWriter.<init>(FileWriter.java:90)
	at etc.Log.log(Log.java:63)
	at etc.Log.dbLog(Log.java:30)
	at db.DBUtil.executeQuery(DBUtil.java:68)
	at ap.PlayUser.saveData(PlayUser.java:114)
	at ap.PlayUser.logOut(PlayUser.java:118)
	at org.apache.jsp.jsp.StatusCheckerJson_jsp._jspService(StatusCheckerJson_jsp.java:73)
	at org.apache.jasper.runtime.HttpJspBase.service(HttpJspBase.java:98)
	at javax.servlet.http.HttpServlet.service(HttpServlet.java:729)
	at org.apache.jasper.servlet.JspServletWrapper.service(JspServletWrapper.java:371)
	at org.apache.jasper.servlet.JspServlet.serviceJspFile(JspServlet.java:308)
	at org.apache.jasper.servlet.JspServlet.service(JspServlet.java:259)
	at javax.servlet.http.HttpServlet.service(HttpServlet.java:729)
	at org.apache.catalina.core.ApplicationFilterChain.internalDoFilter(ApplicationFilterChain.java:269)
	at org.apache.catalina.core.ApplicationFilterChain.doFilter(ApplicationFilterChain.java:188)
	at org.apache.catalina.core.ApplicationDispatcher.invoke(ApplicationDispatcher.java:659)
	at org.apache.catalina.core.ApplicationDispatcher.processRequest(ApplicationDispatcher.java:457)
	at org.apache.catalina.core.ApplicationDispatcher.doForward(ApplicationDispatcher.java:395)
	at org.apache.catalina.core.ApplicationDispatcher.forward(ApplicationDispatcher.java:311)
	at servlet.InitServlet.doPost(InitServlet.java:35)
	at javax.servlet.http.HttpServlet.service(HttpServlet.java:647)
	at javax.servlet.http.HttpServlet.service(HttpServlet.java:729)
	at org.apache.catalina.core.ApplicationFilterChain.internalDoFilter(ApplicationFilterChain.java:269)
	at org.apache.catalina.core.ApplicationFilterChain.doFilter(ApplicationFilterChain.java:188)
	at org.apache.catalina.core.StandardWrapperValve.invoke(StandardWrapperValve.java:213)
	at org.apache.catalina.core.StandardContextValve.invoke(StandardContextValve.java:172)
	at org.apache.catalina.core.StandardHostValve.invoke(StandardHostValve.java:127)
	at org.apache.catalina.valves.ErrorReportValve.invoke(ErrorReportValve.java:117)
	at org.apache.catalina.core.StandardEngineValve.invoke(StandardEngineValve.java:108)
	at org.apache.catalina.connector.CoyoteAdapter.service(CoyoteAdapter.java:174)
	at org.apache.coyote.http11.Http11Processor.process(Http11Processor.java:879)
	at org.apache.coyote.http11.Http11BaseProtocol$Http11ConnectionHandler.processConnection(Http11BaseProtocol.java:665)
	at org.apache.tomcat.util.net.PoolTcpEndpoint.processSocket(PoolTcpEndpoint.java:528)
	at org.apache.tomcat.util.net.LeaderFollowerWorkerThread.runIt(LeaderFollowerWorkerThread.java:81)
	at org.apache.tomcat.util.threads.ThreadPool$ControlRunnable.run(ThreadPool.java:689)
	at java.lang.Thread.run(Thread.java:662)

2016/07/06 12:57:51    java.io.FileNotFoundException: C:\workspace\design_work\Oogiri2\WebContent\log\20160706db.log (プロセスはファイルにアクセスできません。別のプロセスが使用中です。)
	at java.io.FileOutputStream.openAppend(Native Method)
	at java.io.FileOutputStream.<init>(FileOutputStream.java:192)
	at java.io.FileWriter.<init>(FileWriter.java:90)
	at etc.Log.log(Log.java:63)
	at etc.Log.dbLog(Log.java:30)
	at db.DBUtil.getGameSequence(DBUtil.java:139)
	at ap.GameLog.<init>(GameLog.java:22)
	at ap.Game.recordLog(Game.java:284)
	at ap.Game.changeStatus(Game.java:204)
	at ap.Game.access$4(Game.java:181)
	at ap.Game$3.run(Game.java:147)

2016/07/06 12:57:51    java.io.FileNotFoundException: C:\workspace\design_work\Oogiri2\WebContent\log\20160706db.log (プロセスはファイルにアクセスできません。別のプロセスが使用中です。)
	at java.io.FileOutputStream.openAppend(Native Method)
	at java.io.FileOutputStream.<init>(FileOutputStream.java:192)
	at java.io.FileWriter.<init>(FileWriter.java:90)
	at etc.Log.log(Log.java:63)
	at etc.Log.dbLog(Log.java:30)
	at db.DBUtil.getOneLineData(DBUtil.java:107)
	at ap.Game.setNewTheme(Game.java:431)
	at ap.Game.init(Game.java:281)
	at ap.Game.changeStatus(Game.java:206)
	at ap.Game.access$4(Game.java:181)
	at ap.Game$3.run(Game.java:147)

2016/07/06 12:57:52    java.io.FileNotFoundException: C:\workspace\design_work\Oogiri2\WebContent\log\20160706db.log (プロセスはファイルにアクセスできません。別のプロセスが使用中です。)
	at java.io.FileOutputStream.openAppend(Native Method)
	at java.io.FileOutputStream.<init>(FileOutputStream.java:192)
	at java.io.FileWriter.<init>(FileWriter.java:90)
	at etc.Log.log(Log.java:63)
	at etc.Log.dbLog(Log.java:30)
	at db.DBUtil.executeQuery(DBUtil.java:68)
	at ap.PlayUser.saveData(PlayUser.java:114)
	at ap.PlayUser.logOut(PlayUser.java:118)
	at org.apache.jsp.jsp.StatusCheckerJson_jsp._jspService(StatusCheckerJson_jsp.java:73)
	at org.apache.jasper.runtime.HttpJspBase.service(HttpJspBase.java:98)
	at javax.servlet.http.HttpServlet.service(HttpServlet.java:729)
	at org.apache.jasper.servlet.JspServletWrapper.service(JspServletWrapper.java:371)
	at org.apache.jasper.servlet.JspServlet.serviceJspFile(JspServlet.java:308)
	at org.apache.jasper.servlet.JspServlet.service(JspServlet.java:259)
	at javax.servlet.http.HttpServlet.service(HttpServlet.java:729)
	at org.apache.catalina.core.ApplicationFilterChain.internalDoFilter(ApplicationFilterChain.java:269)
	at org.apache.catalina.core.ApplicationFilterChain.doFilter(ApplicationFilterChain.java:188)
	at org.apache.catalina.core.ApplicationDispatcher.invoke(ApplicationDispatcher.java:659)
	at org.apache.catalina.core.ApplicationDispatcher.processRequest(ApplicationDispatcher.java:457)
	at org.apache.catalina.core.ApplicationDispatcher.doForward(ApplicationDispatcher.java:395)
	at org.apache.catalina.core.ApplicationDispatcher.forward(ApplicationDispatcher.java:311)
	at servlet.InitServlet.doPost(InitServlet.java:35)
	at javax.servlet.http.HttpServlet.service(HttpServlet.java:647)
	at javax.servlet.http.HttpServlet.service(HttpServlet.java:729)
	at org.apache.catalina.core.ApplicationFilterChain.internalDoFilter(ApplicationFilterChain.java:269)
	at org.apache.catalina.core.ApplicationFilterChain.doFilter(ApplicationFilterChain.java:188)
	at org.apache.catalina.core.StandardWrapperValve.invoke(StandardWrapperValve.java:213)
	at org.apache.catalina.core.StandardContextValve.invoke(StandardContextValve.java:172)
	at org.apache.catalina.core.StandardHostValve.invoke(StandardHostValve.java:127)
	at org.apache.catalina.valves.ErrorReportValve.invoke(ErrorReportValve.java:117)
	at org.apache.catalina.core.StandardEngineValve.invoke(StandardEngineValve.java:108)
	at org.apache.catalina.connector.CoyoteAdapter.service(CoyoteAdapter.java:174)
	at org.apache.coyote.http11.Http11Processor.process(Http11Processor.java:879)
	at org.apache.coyote.http11.Http11BaseProtocol$Http11ConnectionHandler.processConnection(Http11BaseProtocol.java:665)
	at org.apache.tomcat.util.net.PoolTcpEndpoint.processSocket(PoolTcpEndpoint.java:528)
	at org.apache.tomcat.util.net.LeaderFollowerWorkerThread.runIt(LeaderFollowerWorkerThread.java:81)
	at org.apache.tomcat.util.threads.ThreadPool$ControlRunnable.run(ThreadPool.java:689)
	at java.lang.Thread.run(Thread.java:662)

