2016/06/21 20:01:59    select name from user where id='10';
2016/06/21 20:01:59    select * from user where id='10'
2016/06/21 20:01:59    update user set count=8,lastdate=now() where id='10'
2016/06/21 20:02:00    select id,type,text,picture from theme where not id in('none') ORDER BY RAND() LIMIT 1 
2016/06/21 20:02:35    select name from user where id='10';
2016/06/21 20:02:35    select id,type,text,picture from theme where not id in('9') ORDER BY RAND() LIMIT 1 
2016/06/21 20:03:07    select name from user where id='10';
2016/06/21 20:03:07    select id,type,text,picture from theme where not id in('9,3') ORDER BY RAND() LIMIT 1 
2016/06/21 20:03:40    select name from user where id='10';
2016/06/21 20:03:40    select id,type,text,picture from theme where not id in('9,3,7') ORDER BY RAND() LIMIT 1 
2016/06/21 20:04:15    select name from user where id='10';
2016/06/21 20:04:15    select id,type,text,picture from theme where not id in('9,3,7,8') ORDER BY RAND() LIMIT 1 
2016/06/21 20:04:48    select name from user where id='10';
2016/06/21 20:04:48    select id,type,text,picture from theme where not id in('9,3,7,8,8') ORDER BY RAND() LIMIT 1 
2016/06/21 20:05:24    select name from user where id='10';
2016/06/21 20:05:24    select id,type,text,picture from theme where not id in('9,3,7,8,8,3') ORDER BY RAND() LIMIT 1 
2016/06/21 20:05:57    select name from user where id='10';
2016/06/21 20:05:57    select id,type,text,picture from theme where not id in('9,3,7,8,8,3,8') ORDER BY RAND() LIMIT 1 
2016/06/21 20:06:30    select name from user where id='10';
2016/06/21 20:06:30    select id,type,text,picture from theme where not id in('9,3,7,8,8,3,8,3') ORDER BY RAND() LIMIT 1 
2016/06/21 20:07:04    select name from user where id='10';
2016/06/21 20:07:04    select id,type,text,picture from theme where not id in('9,3,7,8,8,3,8,3,3') ORDER BY RAND() LIMIT 1 
2016/06/21 20:07:37    select name from user where id='10';
2016/06/21 20:07:37    select id,type,text,picture from theme where not id in('9,3,7,8,8,3,8,3,3,3') ORDER BY RAND() LIMIT 1 
2016/06/21 20:08:10    select name from user where id='10';
2016/06/21 20:08:10    select id,type,text,picture from theme where not id in('9,3,7,8,8,3,8,3,3,3,7') ORDER BY RAND() LIMIT 1 
2016/06/21 20:08:44    select name from user where id='10';
2016/06/21 20:08:44    select id,type,text,picture from theme where not id in('9,3,7,8,8,3,8,3,3,3,7,7') ORDER BY RAND() LIMIT 1 
2016/06/21 20:09:19    select name from user where id='10';
2016/06/21 20:09:19    select id,type,text,picture from theme where not id in('9,3,7,8,8,3,8,3,3,3,7,7,8') ORDER BY RAND() LIMIT 1 
2016/06/21 20:09:51    select name from user where id='10';
2016/06/21 20:09:51    select id,type,text,picture from theme where not id in('9,3,7,8,8,3,8,3,3,3,7,7,8,3') ORDER BY RAND() LIMIT 1 
2016/06/21 20:10:24    select name from user where id='10';
2016/06/21 20:10:24    select id,type,text,picture from theme where not id in('9,3,7,8,8,3,8,3,3,3,7,7,8,3,3') ORDER BY RAND() LIMIT 1 
2016/06/21 20:10:58    select name from user where id='10';
2016/06/21 20:10:58    select id,type,text,picture from theme where not id in('9,3,7,8,8,3,8,3,3,3,7,7,8,3,3,7') ORDER BY RAND() LIMIT 1 
2016/06/21 20:11:33    select name from user where id='10';
2016/06/21 20:11:33    select id,type,text,picture from theme where not id in('9,3,7,8,8,3,8,3,3,3,7,7,8,3,3,7,8') ORDER BY RAND() LIMIT 1 
2016/06/21 20:12:06    select name from user where id='10';
2016/06/21 20:12:06    select id,type,text,picture from theme where not id in('9,3,7,8,8,3,8,3,3,3,7,7,8,3,3,7,8,8') ORDER BY RAND() LIMIT 1 
2016/06/21 20:12:40    select name from user where id='10';
2016/06/21 20:12:40    select id,type,text,picture from theme where not id in('9,3,7,8,8,3,8,3,3,3,7,7,8,3,3,7,8,8,7') ORDER BY RAND() LIMIT 1 
2016/06/21 20:13:13    select name from user where id='10';
2016/06/21 20:13:13    select id,type,text,picture from theme where not id in('9,3,7,8,8,3,8,3,3,3,7,7,8,3,3,7,8,8,7,7') ORDER BY RAND() LIMIT 1 
2016/06/21 20:13:46    select name from user where id='10';
2016/06/21 20:13:46    select id,type,text,picture from theme where not id in('9,3,7,8,8,3,8,3,3,3,7,7,8,3,3,7,8,8,7,7,7') ORDER BY RAND() LIMIT 1 
2016/06/21 20:14:20    select name from user where id='10';
2016/06/21 20:14:20    select id,type,text,picture from theme where not id in('9,3,7,8,8,3,8,3,3,3,7,7,8,3,3,7,8,8,7,7,7,7') ORDER BY RAND() LIMIT 1 
2016/06/21 20:14:54    select name from user where id='10';
2016/06/21 20:14:54    select id,type,text,picture from theme where not id in('9,3,7,8,8,3,8,3,3,3,7,7,8,3,3,7,8,8,7,7,7,7,3') ORDER BY RAND() LIMIT 1 
2016/06/21 20:15:27    select name from user where id='10';
2016/06/21 20:15:27    select id,type,text,picture from theme where not id in('9,3,7,8,8,3,8,3,3,3,7,7,8,3,3,7,8,8,7,7,7,7,3,3') ORDER BY RAND() LIMIT 1 
2016/06/21 20:16:01    select name from user where id='10';
2016/06/21 20:16:01    select id,type,text,picture from theme where not id in('9,3,7,8,8,3,8,3,3,3,7,7,8,3,3,7,8,8,7,7,7,7,3,3,3') ORDER BY RAND() LIMIT 1 
2016/06/21 20:16:33    select name from user where id='10';
2016/06/21 20:16:33    select id,type,text,picture from theme where not id in('9,3,7,8,8,3,8,3,3,3,7,7,8,3,3,7,8,8,7,7,7,7,3,3,3,3') ORDER BY RAND() LIMIT 1 
2016/06/21 20:17:07    select name from user where id='10';
2016/06/21 20:17:07    select id,type,text,picture from theme where not id in('9,3,7,8,8,3,8,3,3,3,7,7,8,3,3,7,8,8,7,7,7,7,3,3,3,3,3') ORDER BY RAND() LIMIT 1 
2016/06/21 20:17:40    select name from user where id='10';
2016/06/21 20:17:40    select id,type,text,picture from theme where not id in('9,3,7,8,8,3,8,3,3,3,7,7,8,3,3,7,8,8,7,7,7,7,3,3,3,3,3,3') ORDER BY RAND() LIMIT 1 
2016/06/21 20:18:16    select name from user where id='10';
2016/06/21 20:18:16    select id,type,text,picture from theme where not id in('9,3,7,8,8,3,8,3,3,3,7,7,8,3,3,7,8,8,7,7,7,7,3,3,3,3,3,3,7') ORDER BY RAND() LIMIT 1 
2016/06/21 20:18:50    select name from user where id='10';
2016/06/21 20:18:50    select id,type,text,picture from theme where not id in('9,3,7,8,8,3,8,3,3,3,7,7,8,3,3,7,8,8,7,7,7,7,3,3,3,3,3,3,7,3') ORDER BY RAND() LIMIT 1 
2016/06/21 20:19:24    select name from user where id='10';
2016/06/21 20:19:24    select id,type,text,picture from theme where not id in('9,3,7,8,8,3,8,3,3,3,7,7,8,3,3,7,8,8,7,7,7,7,3,3,3,3,3,3,7,3,8') ORDER BY RAND() LIMIT 1 
2016/06/21 20:19:58    select name from user where id='10';
2016/06/21 20:19:58    select id,type,text,picture from theme where not id in('9,3,7,8,8,3,8,3,3,3,7,7,8,3,3,7,8,8,7,7,7,7,3,3,3,3,3,3,7,3,8,3') ORDER BY RAND() LIMIT 1 
2016/06/21 20:20:31    select name from user where id='10';
2016/06/21 20:20:31    select id,type,text,picture from theme where not id in('9,3,7,8,8,3,8,3,3,3,7,7,8,3,3,7,8,8,7,7,7,7,3,3,3,3,3,3,7,3,8,3,7') ORDER BY RAND() LIMIT 1 
2016/06/21 20:21:04    select name from user where id='10';
2016/06/21 20:21:04    select id,type,text,picture from theme where not id in('9,3,7,8,8,3,8,3,3,3,7,7,8,3,3,7,8,8,7,7,7,7,3,3,3,3,3,3,7,3,8,3,7,8') ORDER BY RAND() LIMIT 1 
2016/06/21 20:21:38    select name from user where id='10';
2016/06/21 20:21:38    select id,type,text,picture from theme where not id in('9,3,7,8,8,3,8,3,3,3,7,7,8,3,3,7,8,8,7,7,7,7,3,3,3,3,3,3,7,3,8,3,7,8,7') ORDER BY RAND() LIMIT 1 
2016/06/21 20:22:11    select name from user where id='10';
2016/06/21 20:22:12    select id,type,text,picture from theme where not id in('9,3,7,8,8,3,8,3,3,3,7,7,8,3,3,7,8,8,7,7,7,7,3,3,3,3,3,3,7,3,8,3,7,8,7,7') ORDER BY RAND() LIMIT 1 
2016/06/21 20:22:44    select name from user where id='10';
2016/06/21 20:22:44    select id,type,text,picture from theme where not id in('9,3,7,8,8,3,8,3,3,3,7,7,8,3,3,7,8,8,7,7,7,7,3,3,3,3,3,3,7,3,8,3,7,8,7,7,7') ORDER BY RAND() LIMIT 1 
2016/06/21 20:23:18    select name from user where id='10';
2016/06/21 20:23:18    select id,type,text,picture from theme where not id in('9,3,7,8,8,3,8,3,3,3,7,7,8,3,3,7,8,8,7,7,7,7,3,3,3,3,3,3,7,3,8,3,7,8,7,7,7,8') ORDER BY RAND() LIMIT 1 
2016/06/21 20:23:51    select name from user where id='10';
2016/06/21 20:23:51    select id,type,text,picture from theme where not id in('9,3,7,8,8,3,8,3,3,3,7,7,8,3,3,7,8,8,7,7,7,7,3,3,3,3,3,3,7,3,8,3,7,8,7,7,7,8,3') ORDER BY RAND() LIMIT 1 
2016/06/21 20:24:24    select name from user where id='10';
2016/06/21 20:24:24    select id,type,text,picture from theme where not id in('9,3,7,8,8,3,8,3,3,3,7,7,8,3,3,7,8,8,7,7,7,7,3,3,3,3,3,3,7,3,8,3,7,8,7,7,7,8,3,8') ORDER BY RAND() LIMIT 1 
2016/06/21 20:24:57    select name from user where id='10';
2016/06/21 20:24:57    select id,type,text,picture from theme where not id in('9,3,7,8,8,3,8,3,3,3,7,7,8,3,3,7,8,8,7,7,7,7,3,3,3,3,3,3,7,3,8,3,7,8,7,7,7,8,3,8,7') ORDER BY RAND() LIMIT 1 
2016/06/21 20:25:31    select name from user where id='10';
2016/06/21 20:25:31    select id,type,text,picture from theme where not id in('9,3,7,8,8,3,8,3,3,3,7,7,8,3,3,7,8,8,7,7,7,7,3,3,3,3,3,3,7,3,8,3,7,8,7,7,7,8,3,8,7,3') ORDER BY RAND() LIMIT 1 
2016/06/21 20:26:04    select name from user where id='10';
2016/06/21 20:26:04    select id,type,text,picture from theme where not id in('9,3,7,8,8,3,8,3,3,3,7,7,8,3,3,7,8,8,7,7,7,7,3,3,3,3,3,3,7,3,8,3,7,8,7,7,7,8,3,8,7,3,7') ORDER BY RAND() LIMIT 1 
2016/06/21 20:26:37    select name from user where id='10';
2016/06/21 20:26:37    select id,type,text,picture from theme where not id in('9,3,7,8,8,3,8,3,3,3,7,7,8,3,3,7,8,8,7,7,7,7,3,3,3,3,3,3,7,3,8,3,7,8,7,7,7,8,3,8,7,3,7,8') ORDER BY RAND() LIMIT 1 
2016/06/21 20:27:12    select name from user where id='10';
2016/06/21 20:27:12    select id,type,text,picture from theme where not id in('9,3,7,8,8,3,8,3,3,3,7,7,8,3,3,7,8,8,7,7,7,7,3,3,3,3,3,3,7,3,8,3,7,8,7,7,7,8,3,8,7,3,7,8,7') ORDER BY RAND() LIMIT 1 
2016/06/21 20:27:46    select name from user where id='10';
2016/06/21 20:27:46    select id,type,text,picture from theme where not id in('9,3,7,8,8,3,8,3,3,3,7,7,8,3,3,7,8,8,7,7,7,7,3,3,3,3,3,3,7,3,8,3,7,8,7,7,7,8,3,8,7,3,7,8,7,8') ORDER BY RAND() LIMIT 1 
2016/06/21 20:28:19    select name from user where id='10';
2016/06/21 20:28:19    select id,type,text,picture from theme where not id in('9,3,7,8,8,3,8,3,3,3,7,7,8,3,3,7,8,8,7,7,7,7,3,3,3,3,3,3,7,3,8,3,7,8,7,7,7,8,3,8,7,3,7,8,7,8,3') ORDER BY RAND() LIMIT 1 
2016/06/21 20:28:53    select name from user where id='10';
2016/06/21 20:28:53    select id,type,text,picture from theme where not id in('9,3,7,8,8,3,8,3,3,3,7,7,8,3,3,7,8,8,7,7,7,7,3,3,3,3,3,3,7,3,8,3,7,8,7,7,7,8,3,8,7,3,7,8,7,8,3,8') ORDER BY RAND() LIMIT 1 
2016/06/21 20:29:28    select name from user where id='10';
2016/06/21 20:29:28    select id,type,text,picture from theme where not id in('9,3,7,8,8,3,8,3,3,3,7,7,8,3,3,7,8,8,7,7,7,7,3,3,3,3,3,3,7,3,8,3,7,8,7,7,7,8,3,8,7,3,7,8,7,8,3,8,8') ORDER BY RAND() LIMIT 1 
2016/06/21 20:30:01    select name from user where id='10';
2016/06/21 20:30:01    select id,type,text,picture from theme where not id in('9,3,7,8,8,3,8,3,3,3,7,7,8,3,3,7,8,8,7,7,7,7,3,3,3,3,3,3,7,3,8,3,7,8,7,7,7,8,3,8,7,3,7,8,7,8,3,8,8,3') ORDER BY RAND() LIMIT 1 
2016/06/21 20:30:34    select name from user where id='10';
2016/06/21 20:30:34    select id,type,text,picture from theme where not id in('9,3,7,8,8,3,8,3,3,3,7,7,8,3,3,7,8,8,7,7,7,7,3,3,3,3,3,3,7,3,8,3,7,8,7,7,7,8,3,8,7,3,7,8,7,8,3,8,8,3,3') ORDER BY RAND() LIMIT 1 
2016/06/21 20:31:08    select name from user where id='10';
2016/06/21 20:31:08    select id,type,text,picture from theme where not id in('9,3,7,8,8,3,8,3,3,3,7,7,8,3,3,7,8,8,7,7,7,7,3,3,3,3,3,3,7,3,8,3,7,8,7,7,7,8,3,8,7,3,7,8,7,8,3,8,8,3,3,7') ORDER BY RAND() LIMIT 1 
2016/06/21 20:31:41    select name from user where id='10';
2016/06/21 20:31:41    select id,type,text,picture from theme where not id in('9,3,7,8,8,3,8,3,3,3,7,7,8,3,3,7,8,8,7,7,7,7,3,3,3,3,3,3,7,3,8,3,7,8,7,7,7,8,3,8,7,3,7,8,7,8,3,8,8,3,3,7,3') ORDER BY RAND() LIMIT 1 
2016/06/21 20:32:14    select name from user where id='10';
2016/06/21 20:32:14    select id,type,text,picture from theme where not id in('9,3,7,8,8,3,8,3,3,3,7,7,8,3,3,7,8,8,7,7,7,7,3,3,3,3,3,3,7,3,8,3,7,8,7,7,7,8,3,8,7,3,7,8,7,8,3,8,8,3,3,7,3,3') ORDER BY RAND() LIMIT 1 
2016/06/21 20:32:49    select name from user where id='10';
2016/06/21 20:32:49    select id,type,text,picture from theme where not id in('9,3,7,8,8,3,8,3,3,3,7,7,8,3,3,7,8,8,7,7,7,7,3,3,3,3,3,3,7,3,8,3,7,8,7,7,7,8,3,8,7,3,7,8,7,8,3,8,8,3,3,7,3,3,8') ORDER BY RAND() LIMIT 1 
2016/06/21 20:33:24    select name from user where id='10';
2016/06/21 20:33:24    select id,type,text,picture from theme where not id in('9,3,7,8,8,3,8,3,3,3,7,7,8,3,3,7,8,8,7,7,7,7,3,3,3,3,3,3,7,3,8,3,7,8,7,7,7,8,3,8,7,3,7,8,7,8,3,8,8,3,3,7,3,3,8,8') ORDER BY RAND() LIMIT 1 
2016/06/21 20:33:57    select name from user where id='10';
2016/06/21 20:33:57    select id,type,text,picture from theme where not id in('9,3,7,8,8,3,8,3,3,3,7,7,8,3,3,7,8,8,7,7,7,7,3,3,3,3,3,3,7,3,8,3,7,8,7,7,7,8,3,8,7,3,7,8,7,8,3,8,8,3,3,7,3,3,8,8,8') ORDER BY RAND() LIMIT 1 
2016/06/21 20:34:30    select name from user where id='10';
2016/06/21 20:34:30    select id,type,text,picture from theme where not id in('9,3,7,8,8,3,8,3,3,3,7,7,8,3,3,7,8,8,7,7,7,7,3,3,3,3,3,3,7,3,8,3,7,8,7,7,7,8,3,8,7,3,7,8,7,8,3,8,8,3,3,7,3,3,8,8,8,3') ORDER BY RAND() LIMIT 1 
2016/06/21 20:35:05    select name from user where id='10';
2016/06/21 20:35:05    select id,type,text,picture from theme where not id in('9,3,7,8,8,3,8,3,3,3,7,7,8,3,3,7,8,8,7,7,7,7,3,3,3,3,3,3,7,3,8,3,7,8,7,7,7,8,3,8,7,3,7,8,7,8,3,8,8,3,3,7,3,3,8,8,8,3,7') ORDER BY RAND() LIMIT 1 
2016/06/21 20:35:38    select name from user where id='10';
2016/06/21 20:35:38    select id,type,text,picture from theme where not id in('9,3,7,8,8,3,8,3,3,3,7,7,8,3,3,7,8,8,7,7,7,7,3,3,3,3,3,3,7,3,8,3,7,8,7,7,7,8,3,8,7,3,7,8,7,8,3,8,8,3,3,7,3,3,8,8,8,3,7,7') ORDER BY RAND() LIMIT 1 
2016/06/21 20:36:11    select name from user where id='10';
2016/06/21 20:36:11    select id,type,text,picture from theme where not id in('9,3,7,8,8,3,8,3,3,3,7,7,8,3,3,7,8,8,7,7,7,7,3,3,3,3,3,3,7,3,8,3,7,8,7,7,7,8,3,8,7,3,7,8,7,8,3,8,8,3,3,7,3,3,8,8,8,3,7,7,8') ORDER BY RAND() LIMIT 1 
2016/06/21 20:36:44    select name from user where id='10';
2016/06/21 20:36:44    select id,type,text,picture from theme where not id in('9,3,7,8,8,3,8,3,3,3,7,7,8,3,3,7,8,8,7,7,7,7,3,3,3,3,3,3,7,3,8,3,7,8,7,7,7,8,3,8,7,3,7,8,7,8,3,8,8,3,3,7,3,3,8,8,8,3,7,7,8,7') ORDER BY RAND() LIMIT 1 
2016/06/21 20:37:18    select name from user where id='10';
2016/06/21 20:37:18    select id,type,text,picture from theme where not id in('9,3,7,8,8,3,8,3,3,3,7,7,8,3,3,7,8,8,7,7,7,7,3,3,3,3,3,3,7,3,8,3,7,8,7,7,7,8,3,8,7,3,7,8,7,8,3,8,8,3,3,7,3,3,8,8,8,3,7,7,8,7,7') ORDER BY RAND() LIMIT 1 
2016/06/21 20:37:51    select name from user where id='10';
2016/06/21 20:37:51    select id,type,text,picture from theme where not id in('9,3,7,8,8,3,8,3,3,3,7,7,8,3,3,7,8,8,7,7,7,7,3,3,3,3,3,3,7,3,8,3,7,8,7,7,7,8,3,8,7,3,7,8,7,8,3,8,8,3,3,7,3,3,8,8,8,3,7,7,8,7,7,3') ORDER BY RAND() LIMIT 1 
2016/06/21 20:38:25    select name from user where id='10';
2016/06/21 20:38:25    select id,type,text,picture from theme where not id in('9,3,7,8,8,3,8,3,3,3,7,7,8,3,3,7,8,8,7,7,7,7,3,3,3,3,3,3,7,3,8,3,7,8,7,7,7,8,3,8,7,3,7,8,7,8,3,8,8,3,3,7,3,3,8,8,8,3,7,7,8,7,7,3,8') ORDER BY RAND() LIMIT 1 
2016/06/21 20:39:00    select name from user where id='10';
2016/06/21 20:39:00    select id,type,text,picture from theme where not id in('9,3,7,8,8,3,8,3,3,3,7,7,8,3,3,7,8,8,7,7,7,7,3,3,3,3,3,3,7,3,8,3,7,8,7,7,7,8,3,8,7,3,7,8,7,8,3,8,8,3,3,7,3,3,8,8,8,3,7,7,8,7,7,3,8,3') ORDER BY RAND() LIMIT 1 
2016/06/21 20:39:33    select name from user where id='10';
2016/06/21 20:39:33    select id,type,text,picture from theme where not id in('9,3,7,8,8,3,8,3,3,3,7,7,8,3,3,7,8,8,7,7,7,7,3,3,3,3,3,3,7,3,8,3,7,8,7,7,7,8,3,8,7,3,7,8,7,8,3,8,8,3,3,7,3,3,8,8,8,3,7,7,8,7,7,3,8,3,8') ORDER BY RAND() LIMIT 1 
2016/06/21 20:40:06    select name from user where id='10';
2016/06/21 20:40:06    select id,type,text,picture from theme where not id in('9,3,7,8,8,3,8,3,3,3,7,7,8,3,3,7,8,8,7,7,7,7,3,3,3,3,3,3,7,3,8,3,7,8,7,7,7,8,3,8,7,3,7,8,7,8,3,8,8,3,3,7,3,3,8,8,8,3,7,7,8,7,7,3,8,3,8,3') ORDER BY RAND() LIMIT 1 
2016/06/21 20:40:40    select name from user where id='10';
2016/06/21 20:40:40    select id,type,text,picture from theme where not id in('9,3,7,8,8,3,8,3,3,3,7,7,8,3,3,7,8,8,7,7,7,7,3,3,3,3,3,3,7,3,8,3,7,8,7,7,7,8,3,8,7,3,7,8,7,8,3,8,8,3,3,7,3,3,8,8,8,3,7,7,8,7,7,3,8,3,8,3,3') ORDER BY RAND() LIMIT 1 
2016/06/21 20:41:13    select name from user where id='10';
2016/06/21 20:41:13    select id,type,text,picture from theme where not id in('9,3,7,8,8,3,8,3,3,3,7,7,8,3,3,7,8,8,7,7,7,7,3,3,3,3,3,3,7,3,8,3,7,8,7,7,7,8,3,8,7,3,7,8,7,8,3,8,8,3,3,7,3,3,8,8,8,3,7,7,8,7,7,3,8,3,8,3,3,7') ORDER BY RAND() LIMIT 1 
2016/06/21 20:41:46    select name from user where id='10';
2016/06/21 20:41:46    select id,type,text,picture from theme where not id in('9,3,7,8,8,3,8,3,3,3,7,7,8,3,3,7,8,8,7,7,7,7,3,3,3,3,3,3,7,3,8,3,7,8,7,7,7,8,3,8,7,3,7,8,7,8,3,8,8,3,3,7,3,3,8,8,8,3,7,7,8,7,7,3,8,3,8,3,3,7,3') ORDER BY RAND() LIMIT 1 
2016/06/21 20:42:19    select name from user where id='10';
2016/06/21 20:42:19    select id,type,text,picture from theme where not id in('9,3,7,8,8,3,8,3,3,3,7,7,8,3,3,7,8,8,7,7,7,7,3,3,3,3,3,3,7,3,8,3,7,8,7,7,7,8,3,8,7,3,7,8,7,8,3,8,8,3,3,7,3,3,8,8,8,3,7,7,8,7,7,3,8,3,8,3,3,7,3,3') ORDER BY RAND() LIMIT 1 
2016/06/21 20:42:52    select name from user where id='10';
2016/06/21 20:42:52    select id,type,text,picture from theme where not id in('9,3,7,8,8,3,8,3,3,3,7,7,8,3,3,7,8,8,7,7,7,7,3,3,3,3,3,3,7,3,8,3,7,8,7,7,7,8,3,8,7,3,7,8,7,8,3,8,8,3,3,7,3,3,8,8,8,3,7,7,8,7,7,3,8,3,8,3,3,7,3,3,8') ORDER BY RAND() LIMIT 1 
2016/06/21 20:43:26    select name from user where id='10';
2016/06/21 20:43:26    select id,type,text,picture from theme where not id in('9,3,7,8,8,3,8,3,3,3,7,7,8,3,3,7,8,8,7,7,7,7,3,3,3,3,3,3,7,3,8,3,7,8,7,7,7,8,3,8,7,3,7,8,7,8,3,8,8,3,3,7,3,3,8,8,8,3,7,7,8,7,7,3,8,3,8,3,3,7,3,3,8,3') ORDER BY RAND() LIMIT 1 
2016/06/21 20:43:59    select name from user where id='10';
2016/06/21 20:43:59    select id,type,text,picture from theme where not id in('9,3,7,8,8,3,8,3,3,3,7,7,8,3,3,7,8,8,7,7,7,7,3,3,3,3,3,3,7,3,8,3,7,8,7,7,7,8,3,8,7,3,7,8,7,8,3,8,8,3,3,7,3,3,8,8,8,3,7,7,8,7,7,3,8,3,8,3,3,7,3,3,8,3,7') ORDER BY RAND() LIMIT 1 
2016/06/21 20:44:33    select name from user where id='10';
2016/06/21 20:44:33    select id,type,text,picture from theme where not id in('9,3,7,8,8,3,8,3,3,3,7,7,8,3,3,7,8,8,7,7,7,7,3,3,3,3,3,3,7,3,8,3,7,8,7,7,7,8,3,8,7,3,7,8,7,8,3,8,8,3,3,7,3,3,8,8,8,3,7,7,8,7,7,3,8,3,8,3,3,7,3,3,8,3,7,7') ORDER BY RAND() LIMIT 1 
2016/06/21 20:45:07    select name from user where id='10';
2016/06/21 20:45:07    select id,type,text,picture from theme where not id in('9,3,7,8,8,3,8,3,3,3,7,7,8,3,3,7,8,8,7,7,7,7,3,3,3,3,3,3,7,3,8,3,7,8,7,7,7,8,3,8,7,3,7,8,7,8,3,8,8,3,3,7,3,3,8,8,8,3,7,7,8,7,7,3,8,3,8,3,3,7,3,3,8,3,7,7,7') ORDER BY RAND() LIMIT 1 
2016/06/21 20:45:42    select name from user where id='10';
2016/06/21 20:45:42    select id,type,text,picture from theme where not id in('9,3,7,8,8,3,8,3,3,3,7,7,8,3,3,7,8,8,7,7,7,7,3,3,3,3,3,3,7,3,8,3,7,8,7,7,7,8,3,8,7,3,7,8,7,8,3,8,8,3,3,7,3,3,8,8,8,3,7,7,8,7,7,3,8,3,8,3,3,7,3,3,8,3,7,7,7,8') ORDER BY RAND() LIMIT 1 
2016/06/21 20:46:16    select name from user where id='10';
2016/06/21 20:46:16    select id,type,text,picture from theme where not id in('9,3,7,8,8,3,8,3,3,3,7,7,8,3,3,7,8,8,7,7,7,7,3,3,3,3,3,3,7,3,8,3,7,8,7,7,7,8,3,8,7,3,7,8,7,8,3,8,8,3,3,7,3,3,8,8,8,3,7,7,8,7,7,3,8,3,8,3,3,7,3,3,8,3,7,7,7,8,3') ORDER BY RAND() LIMIT 1 
2016/06/21 20:46:49    select name from user where id='10';
2016/06/21 20:46:49    select id,type,text,picture from theme where not id in('9,3,7,8,8,3,8,3,3,3,7,7,8,3,3,7,8,8,7,7,7,7,3,3,3,3,3,3,7,3,8,3,7,8,7,7,7,8,3,8,7,3,7,8,7,8,3,8,8,3,3,7,3,3,8,8,8,3,7,7,8,7,7,3,8,3,8,3,3,7,3,3,8,3,7,7,7,8,3,7') ORDER BY RAND() LIMIT 1 
2016/06/21 20:47:22    select name from user where id='10';
2016/06/21 20:47:22    select id,type,text,picture from theme where not id in('9,3,7,8,8,3,8,3,3,3,7,7,8,3,3,7,8,8,7,7,7,7,3,3,3,3,3,3,7,3,8,3,7,8,7,7,7,8,3,8,7,3,7,8,7,8,3,8,8,3,3,7,3,3,8,8,8,3,7,7,8,7,7,3,8,3,8,3,3,7,3,3,8,3,7,7,7,8,3,7,3') ORDER BY RAND() LIMIT 1 
2016/06/21 20:47:55    select name from user where id='10';
2016/06/21 20:47:55    select id,type,text,picture from theme where not id in('9,3,7,8,8,3,8,3,3,3,7,7,8,3,3,7,8,8,7,7,7,7,3,3,3,3,3,3,7,3,8,3,7,8,7,7,7,8,3,8,7,3,7,8,7,8,3,8,8,3,3,7,3,3,8,8,8,3,7,7,8,7,7,3,8,3,8,3,3,7,3,3,8,3,7,7,7,8,3,7,3,8') ORDER BY RAND() LIMIT 1 
2016/06/21 20:48:28    select name from user where id='10';
2016/06/21 20:48:28    select id,type,text,picture from theme where not id in('9,3,7,8,8,3,8,3,3,3,7,7,8,3,3,7,8,8,7,7,7,7,3,3,3,3,3,3,7,3,8,3,7,8,7,7,7,8,3,8,7,3,7,8,7,8,3,8,8,3,3,7,3,3,8,8,8,3,7,7,8,7,7,3,8,3,8,3,3,7,3,3,8,3,7,7,7,8,3,7,3,8,8') ORDER BY RAND() LIMIT 1 
2016/06/21 20:49:02    select name from user where id='10';
2016/06/21 20:49:02    select id,type,text,picture from theme where not id in('9,3,7,8,8,3,8,3,3,3,7,7,8,3,3,7,8,8,7,7,7,7,3,3,3,3,3,3,7,3,8,3,7,8,7,7,7,8,3,8,7,3,7,8,7,8,3,8,8,3,3,7,3,3,8,8,8,3,7,7,8,7,7,3,8,3,8,3,3,7,3,3,8,3,7,7,7,8,3,7,3,8,8,7') ORDER BY RAND() LIMIT 1 
2016/06/21 20:49:36    select name from user where id='10';
2016/06/21 20:49:36    select id,type,text,picture from theme where not id in('9,3,7,8,8,3,8,3,3,3,7,7,8,3,3,7,8,8,7,7,7,7,3,3,3,3,3,3,7,3,8,3,7,8,7,7,7,8,3,8,7,3,7,8,7,8,3,8,8,3,3,7,3,3,8,8,8,3,7,7,8,7,7,3,8,3,8,3,3,7,3,3,8,3,7,7,7,8,3,7,3,8,8,7,7') ORDER BY RAND() LIMIT 1 
2016/06/21 20:50:09    select name from user where id='10';
2016/06/21 20:50:09    select id,type,text,picture from theme where not id in('9,3,7,8,8,3,8,3,3,3,7,7,8,3,3,7,8,8,7,7,7,7,3,3,3,3,3,3,7,3,8,3,7,8,7,7,7,8,3,8,7,3,7,8,7,8,3,8,8,3,3,7,3,3,8,8,8,3,7,7,8,7,7,3,8,3,8,3,3,7,3,3,8,3,7,7,7,8,3,7,3,8,8,7,7,8') ORDER BY RAND() LIMIT 1 
2016/06/21 20:50:43    select name from user where id='10';
2016/06/21 20:50:43    select id,type,text,picture from theme where not id in('9,3,7,8,8,3,8,3,3,3,7,7,8,3,3,7,8,8,7,7,7,7,3,3,3,3,3,3,7,3,8,3,7,8,7,7,7,8,3,8,7,3,7,8,7,8,3,8,8,3,3,7,3,3,8,8,8,3,7,7,8,7,7,3,8,3,8,3,3,7,3,3,8,3,7,7,7,8,3,7,3,8,8,7,7,8,8') ORDER BY RAND() LIMIT 1 
2016/06/21 20:51:16    select name from user where id='10';
2016/06/21 20:51:16    select id,type,text,picture from theme where not id in('9,3,7,8,8,3,8,3,3,3,7,7,8,3,3,7,8,8,7,7,7,7,3,3,3,3,3,3,7,3,8,3,7,8,7,7,7,8,3,8,7,3,7,8,7,8,3,8,8,3,3,7,3,3,8,8,8,3,7,7,8,7,7,3,8,3,8,3,3,7,3,3,8,3,7,7,7,8,3,7,3,8,8,7,7,8,8,3') ORDER BY RAND() LIMIT 1 
2016/06/21 20:51:50    select name from user where id='10';
2016/06/21 20:51:50    select id,type,text,picture from theme where not id in('9,3,7,8,8,3,8,3,3,3,7,7,8,3,3,7,8,8,7,7,7,7,3,3,3,3,3,3,7,3,8,3,7,8,7,7,7,8,3,8,7,3,7,8,7,8,3,8,8,3,3,7,3,3,8,8,8,3,7,7,8,7,7,3,8,3,8,3,3,7,3,3,8,3,7,7,7,8,3,7,3,8,8,7,7,8,8,3,7') ORDER BY RAND() LIMIT 1 
2016/06/21 20:52:22    select name from user where id='10';
2016/06/21 20:52:22    select id,type,text,picture from theme where not id in('9,3,7,8,8,3,8,3,3,3,7,7,8,3,3,7,8,8,7,7,7,7,3,3,3,3,3,3,7,3,8,3,7,8,7,7,7,8,3,8,7,3,7,8,7,8,3,8,8,3,3,7,3,3,8,8,8,3,7,7,8,7,7,3,8,3,8,3,3,7,3,3,8,3,7,7,7,8,3,7,3,8,8,7,7,8,8,3,7,7') ORDER BY RAND() LIMIT 1 
2016/06/21 20:52:55    select name from user where id='10';
2016/06/21 20:52:55    select id,type,text,picture from theme where not id in('9,3,7,8,8,3,8,3,3,3,7,7,8,3,3,7,8,8,7,7,7,7,3,3,3,3,3,3,7,3,8,3,7,8,7,7,7,8,3,8,7,3,7,8,7,8,3,8,8,3,3,7,3,3,8,8,8,3,7,7,8,7,7,3,8,3,8,3,3,7,3,3,8,3,7,7,7,8,3,7,3,8,8,7,7,8,8,3,7,7,8') ORDER BY RAND() LIMIT 1 
2016/06/21 20:53:30    select name from user where id='10';
2016/06/21 20:53:30    select id,type,text,picture from theme where not id in('9,3,7,8,8,3,8,3,3,3,7,7,8,3,3,7,8,8,7,7,7,7,3,3,3,3,3,3,7,3,8,3,7,8,7,7,7,8,3,8,7,3,7,8,7,8,3,8,8,3,3,7,3,3,8,8,8,3,7,7,8,7,7,3,8,3,8,3,3,7,3,3,8,3,7,7,7,8,3,7,3,8,8,7,7,8,8,3,7,7,8,8') ORDER BY RAND() LIMIT 1 
2016/06/21 20:54:04    select name from user where id='10';
2016/06/21 20:54:04    select id,type,text,picture from theme where not id in('9,3,7,8,8,3,8,3,3,3,7,7,8,3,3,7,8,8,7,7,7,7,3,3,3,3,3,3,7,3,8,3,7,8,7,7,7,8,3,8,7,3,7,8,7,8,3,8,8,3,3,7,3,3,8,8,8,3,7,7,8,7,7,3,8,3,8,3,3,7,3,3,8,3,7,7,7,8,3,7,3,8,8,7,7,8,8,3,7,7,8,8,7') ORDER BY RAND() LIMIT 1 
2016/06/21 20:54:38    select name from user where id='10';
2016/06/21 20:54:38    select id,type,text,picture from theme where not id in('9,3,7,8,8,3,8,3,3,3,7,7,8,3,3,7,8,8,7,7,7,7,3,3,3,3,3,3,7,3,8,3,7,8,7,7,7,8,3,8,7,3,7,8,7,8,3,8,8,3,3,7,3,3,8,8,8,3,7,7,8,7,7,3,8,3,8,3,3,7,3,3,8,3,7,7,7,8,3,7,3,8,8,7,7,8,8,3,7,7,8,8,7,7') ORDER BY RAND() LIMIT 1 
2016/06/21 20:55:13    select name from user where id='10';
2016/06/21 20:55:13    select id,type,text,picture from theme where not id in('9,3,7,8,8,3,8,3,3,3,7,7,8,3,3,7,8,8,7,7,7,7,3,3,3,3,3,3,7,3,8,3,7,8,7,7,7,8,3,8,7,3,7,8,7,8,3,8,8,3,3,7,3,3,8,8,8,3,7,7,8,7,7,3,8,3,8,3,3,7,3,3,8,3,7,7,7,8,3,7,3,8,8,7,7,8,8,3,7,7,8,8,7,7,3') ORDER BY RAND() LIMIT 1 
2016/06/21 20:55:48    select name from user where id='10';
2016/06/21 20:55:48    select id,type,text,picture from theme where not id in('9,3,7,8,8,3,8,3,3,3,7,7,8,3,3,7,8,8,7,7,7,7,3,3,3,3,3,3,7,3,8,3,7,8,7,7,7,8,3,8,7,3,7,8,7,8,3,8,8,3,3,7,3,3,8,8,8,3,7,7,8,7,7,3,8,3,8,3,3,7,3,3,8,3,7,7,7,8,3,7,3,8,8,7,7,8,8,3,7,7,8,8,7,7,3,8') ORDER BY RAND() LIMIT 1 
2016/06/21 20:56:22    select name from user where id='10';
2016/06/21 20:56:22    select id,type,text,picture from theme where not id in('9,3,7,8,8,3,8,3,3,3,7,7,8,3,3,7,8,8,7,7,7,7,3,3,3,3,3,3,7,3,8,3,7,8,7,7,7,8,3,8,7,3,7,8,7,8,3,8,8,3,3,7,3,3,8,8,8,3,7,7,8,7,7,3,8,3,8,3,3,7,3,3,8,3,7,7,7,8,3,7,3,8,8,7,7,8,8,3,7,7,8,8,7,7,3,8,7') ORDER BY RAND() LIMIT 1 
2016/06/21 21:00:24    select name from user where id='12';
2016/06/21 21:00:24    select * from user where id='12'
2016/06/21 21:00:24    update user set count=3,lastdate=now() where id='12'
2016/06/21 21:00:24    select id,type,text,picture from theme where not id in(9999999999999999999999) ORDER BY RAND() LIMIT 1 
2016/06/21 21:01:00    select name from user where id='12';
2016/06/21 21:01:01    select id,type,text,picture from theme where not id in(7) ORDER BY RAND() LIMIT 1 
2016/06/21 21:01:33    select name from user where id='12';
2016/06/21 21:01:33    select id,type,text,picture from theme where not id in(7,3) ORDER BY RAND() LIMIT 1 
2016/06/21 21:02:04    select name from user where id='12';
2016/06/21 21:02:04    select id,type,text,picture from theme where not id in(7,3,9) ORDER BY RAND() LIMIT 1 
2016/06/21 21:02:37    select name from user where id='12';
2016/06/21 21:02:37    select id,type,text,picture from theme where not id in(7,3,9,8) ORDER BY RAND() LIMIT 1 
2016/06/21 21:03:50    select name from user where id='12';
2016/06/21 21:03:50    select id,type,text,picture from theme where not id in(7,3,9,8,null) ORDER BY RAND() LIMIT 1 
2016/06/21 21:03:59    select name from user where id='12';
2016/06/21 21:04:21    select name from user where id='12';
2016/06/21 21:04:21    select * from user where id='12'
2016/06/21 21:04:21    select id,type,text,picture from theme where not id in(7,3,9,8,null,null) ORDER BY RAND() LIMIT 1 
2016/06/21 21:04:23    select name from user where id='12';
2016/06/21 21:04:24    select * from user where id='12'
2016/06/21 21:04:24    select id,type,text,picture from theme where not id in(7,3,9,8,null,null,null) ORDER BY RAND() LIMIT 1 
2016/06/21 21:04:43    select name from user where id='11';
2016/06/21 21:04:44    select * from user where id='11'
2016/06/21 21:04:44    select id,type,text,picture from theme where not id in(7,3,9,8,null,null,null,null) ORDER BY RAND() LIMIT 1 
2016/06/21 21:10:02    select name from user where id='10';
2016/06/21 21:10:02    select * from user where id='10'
2016/06/21 21:10:03    update user set count=9,lastdate=now() where id='10'
2016/06/21 21:10:03    select id,type,text,picture from theme where not id in(9999999999999999999999) ORDER BY RAND() LIMIT 1 
2016/06/21 21:10:03    select name from user where id='10';
2016/06/21 21:10:03    select id,type,text,picture from theme where not id in(3) ORDER BY RAND() LIMIT 1 
2016/06/21 21:10:34    select name from user where id='10';
2016/06/21 21:10:34    select id,type,text,picture from theme where not id in(3,7) ORDER BY RAND() LIMIT 1 
2016/06/21 21:11:07    select name from user where id='10';
2016/06/21 21:11:07    select id,type,text,picture from theme where not id in(3,7,8) ORDER BY RAND() LIMIT 1 
2016/06/21 21:11:40    select name from user where id='10';
2016/06/21 21:11:40    select id,type,text,picture from theme where not id in(3,7,8,9) ORDER BY RAND() LIMIT 1 
2016/06/21 21:11:40    select id,type,text,picture from theme  ORDER BY RAND() LIMIT 1 
2016/06/21 21:11:56    select name from user where id='10';
2016/06/21 21:12:14    select name from user where id='10';
2016/06/21 21:12:14    select id,type,text,picture from theme where not id in(3,7,8,9,9) ORDER BY RAND() LIMIT 1 
2016/06/21 21:12:14    select id,type,text,picture from theme  ORDER BY RAND() LIMIT 1 
2016/06/21 21:12:14    select name from user where id='10';
2016/06/21 21:12:14    select id,type,text,picture from theme where not id in(3,7,8,9,9,9) ORDER BY RAND() LIMIT 1 
2016/06/21 21:12:15    select id,type,text,picture from theme  ORDER BY RAND() LIMIT 1 
2016/06/21 21:12:48    select name from user where id='10';
2016/06/21 21:12:48    select id,type,text,picture from theme where not id in(3,7,8,9,9,9,3) ORDER BY RAND() LIMIT 1 
2016/06/21 21:12:48    select id,type,text,picture from theme  ORDER BY RAND() LIMIT 1 
2016/06/21 21:12:48    select name from user where id='10';
2016/06/21 21:12:48    select id,type,text,picture from theme where not id in(3,7,8,9,9,9,3,9) ORDER BY RAND() LIMIT 1 
2016/06/21 21:12:49    select id,type,text,picture from theme  ORDER BY RAND() LIMIT 1 
2016/06/21 21:19:07    select name from user where id='10';
2016/06/21 21:19:07    select * from user where id='10'
2016/06/21 21:19:07    update user set count=10,lastdate=now() where id='10'
2016/06/21 21:19:07    select id,type,text,picture from theme where not id in(9999999999999999999999) ORDER BY RAND() LIMIT 1 
2016/06/21 21:19:08    select name from user where id='10';
2016/06/21 21:19:08    select id,type,text,picture from theme where not id in(7) ORDER BY RAND() LIMIT 1 
2016/06/21 21:19:40    select name from user where id='10';
2016/06/21 21:19:40    select id,type,text,picture from theme where not id in(7,8) ORDER BY RAND() LIMIT 1 
2016/06/21 21:19:40    select name from user where id='10';
2016/06/21 21:19:40    select id,type,text,picture from theme where not id in(7,8,9) ORDER BY RAND() LIMIT 1 
2016/06/21 21:20:12    select name from user where id='10';
2016/06/21 21:20:12    select id,type,text,picture from theme where not id in(7,8,9,3) ORDER BY RAND() LIMIT 1 
2016/06/21 21:20:12    select id,type,text,picture from theme  ORDER BY RAND() LIMIT 1 
2016/06/21 21:20:12    select name from user where id='10';
2016/06/21 21:20:13    select id,type,text,picture from theme where not id in(3) ORDER BY RAND() LIMIT 1 
2016/06/21 21:20:42    select name from user where id='10';
2016/06/21 21:20:42    select id,type,text,picture from theme where not id in(3,9) ORDER BY RAND() LIMIT 1 
2016/06/21 21:20:42    select name from user where id='10';
2016/06/21 21:20:42    select id,type,text,picture from theme where not id in(3,9,8) ORDER BY RAND() LIMIT 1 
2016/06/21 21:21:09    select name from user where id='10';
2016/06/21 21:21:09    select id,type,text,picture from theme where not id in(3,9,8,7) ORDER BY RAND() LIMIT 1 
2016/06/21 21:21:09    select id,type,text,picture from theme  ORDER BY RAND() LIMIT 1 
2016/06/21 21:21:09    select name from user where id='10';
2016/06/21 21:21:10    select id,type,text,picture from theme where not id in(7) ORDER BY RAND() LIMIT 1 
2016/06/21 21:21:39    select name from user where id='10';
2016/06/21 21:21:39    select id,type,text,picture from theme where not id in(7,3) ORDER BY RAND() LIMIT 1 
2016/06/21 21:21:39    select name from user where id='10';
2016/06/21 21:21:39    select id,type,text,picture from theme where not id in(7,3,8) ORDER BY RAND() LIMIT 1 
2016/06/21 21:22:08    select name from user where id='10';
2016/06/21 21:22:08    select id,type,text,picture from theme where not id in(7,3,8,9) ORDER BY RAND() LIMIT 1 
2016/06/21 21:22:08    select id,type,text,picture from theme  ORDER BY RAND() LIMIT 1 
2016/06/21 21:22:09    select name from user where id='10';
2016/06/21 21:22:09    select id,type,text,picture from theme where not id in(7) ORDER BY RAND() LIMIT 1 
2016/06/21 21:22:40    select name from user where id='10';
2016/06/21 21:22:40    select id,type,text,picture from theme where not id in(7,9) ORDER BY RAND() LIMIT 1 
2016/06/21 21:22:41    select name from user where id='10';
2016/06/21 21:22:41    select id,type,text,picture from theme where not id in(7,9,3) ORDER BY RAND() LIMIT 1 
2016/06/21 21:23:13    select name from user where id='10';
2016/06/21 21:23:13    select id,type,text,picture from theme where not id in(7,9,3,8) ORDER BY RAND() LIMIT 1 
2016/06/21 21:23:13    select id,type,text,picture from theme  ORDER BY RAND() LIMIT 1 
2016/06/21 21:23:13    select name from user where id='10';
2016/06/21 21:23:14    select id,type,text,picture from theme where not id in(9) ORDER BY RAND() LIMIT 1 
2016/06/21 21:23:41    select name from user where id='10';
2016/06/21 21:23:41    select id,type,text,picture from theme where not id in(9,3) ORDER BY RAND() LIMIT 1 
2016/06/21 21:23:41    select name from user where id='10';
2016/06/21 21:23:41    select id,type,text,picture from theme where not id in(9,3,8) ORDER BY RAND() LIMIT 1 
2016/06/21 21:24:11    select name from user where id='10';
2016/06/21 21:24:11    select id,type,text,picture from theme where not id in(9,3,8,7) ORDER BY RAND() LIMIT 1 
2016/06/21 21:24:11    select id,type,text,picture from theme  ORDER BY RAND() LIMIT 1 
2016/06/21 21:24:11    select name from user where id='10';
2016/06/21 21:24:11    select id,type,text,picture from theme where not id in(9) ORDER BY RAND() LIMIT 1 
2016/06/21 21:24:37    select name from user where id='10';
2016/06/21 21:24:37    select id,type,text,picture from theme where not id in(9,7) ORDER BY RAND() LIMIT 1 
2016/06/21 21:24:37    select name from user where id='10';
2016/06/21 21:24:37    select id,type,text,picture from theme where not id in(9,7,8) ORDER BY RAND() LIMIT 1 
2016/06/21 21:25:11    select name from user where id='10';
2016/06/21 21:25:11    select id,type,text,picture from theme where not id in(9,7,8,3) ORDER BY RAND() LIMIT 1 
2016/06/21 21:25:11    select id,type,text,picture from theme  ORDER BY RAND() LIMIT 1 
2016/06/21 21:25:11    select name from user where id='10';
2016/06/21 21:25:12    select id,type,text,picture from theme where not id in(8) ORDER BY RAND() LIMIT 1 
2016/06/21 21:25:41    select name from user where id='10';
2016/06/21 21:25:41    select id,type,text,picture from theme where not id in(8,3) ORDER BY RAND() LIMIT 1 
2016/06/21 21:25:42    select name from user where id='10';
2016/06/21 21:25:42    select id,type,text,picture from theme where not id in(8,3,7) ORDER BY RAND() LIMIT 1 
2016/06/21 21:26:14    select name from user where id='10';
2016/06/21 21:26:14    select id,type,text,picture from theme where not id in(8,3,7,9) ORDER BY RAND() LIMIT 1 
2016/06/21 21:26:15    select id,type,text,picture from theme  ORDER BY RAND() LIMIT 1 
2016/06/21 21:26:15    select name from user where id='10';
2016/06/21 21:26:15    select id,type,text,picture from theme where not id in(3) ORDER BY RAND() LIMIT 1 
2016/06/21 21:29:36:    select name from user where id='10';
2016/06/21 21:29:36:null    select * from user where id='10'
2016/06/21 21:29:36:null    update user set count=11,lastdate=now() where id='10'
2016/06/21 21:29:37:null    select id,type,text,picture from theme where not id in(9999999999999999999999) ORDER BY RAND() LIMIT 1 
2016/06/21 21:30:08:null    select name from user where id='10';
2016/06/21 21:30:09:null    select id,type,text,picture from theme where not id in(3) ORDER BY RAND() LIMIT 1 
2016/06/21 21:30:09:null    select name from user where id='10';
2016/06/21 21:30:09:null    select id,type,text,picture from theme where not id in(3,8) ORDER BY RAND() LIMIT 1 
2016/06/21 21:31:42:    select name from user where id='10';
2016/06/21 21:31:42:    select * from user where id='10'
2016/06/21 21:31:42:    update user set count=12,lastdate=now() where id='10'
2016/06/21 21:31:43:田中    select id,type,text,picture from theme where not id in(9999999999999999999999) ORDER BY RAND() LIMIT 1 
2016/06/21 21:31:43:田中    select name from user where id='10';
2016/06/21 21:31:43:田中    select id,type,text,picture from theme where not id in(3) ORDER BY RAND() LIMIT 1 
2016/06/21 21:32:13:田中    select name from user where id='10';
2016/06/21 21:32:13:田中    select id,type,text,picture from theme where not id in(3,9) ORDER BY RAND() LIMIT 1 
2016/06/21 21:32:13:田中    select name from user where id='10';
2016/06/21 21:32:13:田中    select id,type,text,picture from theme where not id in(3,9,8) ORDER BY RAND() LIMIT 1 
2016/06/21 21:32:46:田中    select name from user where id='10';
2016/06/21 21:32:46:田中    select id,type,text,picture from theme where not id in(3,9,8,7) ORDER BY RAND() LIMIT 1 
2016/06/21 21:32:46:田中    select id,type,text,picture from theme  ORDER BY RAND() LIMIT 1 
2016/06/21 21:32:47:田中    select name from user where id='10';
2016/06/21 21:32:47:田中    select id,type,text,picture from theme where not id in(8) ORDER BY RAND() LIMIT 1 
2016/06/21 21:33:15:田中    select name from user where id='10';
2016/06/21 21:33:15:田中    select id,type,text,picture from theme where not id in(8,7) ORDER BY RAND() LIMIT 1 
2016/06/21 21:33:17:田中    select name from user where id='10';
2016/06/21 21:33:17:田中    select id,type,text,picture from theme where not id in(8,7,9) ORDER BY RAND() LIMIT 1 
2016/06/21 21:33:47:田中    select name from user where id='10';
2016/06/21 21:33:47:田中    select id,type,text,picture from theme where not id in(8,7,9,3) ORDER BY RAND() LIMIT 1 
2016/06/21 21:33:47:田中    select id,type,text,picture from theme  ORDER BY RAND() LIMIT 1 
2016/06/21 21:33:48:田中    select name from user where id='10';
2016/06/21 21:33:48:田中    select id,type,text,picture from theme where not id in(3) ORDER BY RAND() LIMIT 1 
2016/06/21 21:34:19:田中    select name from user where id='10';
2016/06/21 21:34:19:田中    select id,type,text,picture from theme where not id in(3,9) ORDER BY RAND() LIMIT 1 
2016/06/21 21:34:19:田中    select name from user where id='10';
2016/06/21 21:34:19:田中    select id,type,text,picture from theme where not id in(3,9,7) ORDER BY RAND() LIMIT 1 
2016/06/21 21:34:51:田中    select name from user where id='10';
2016/06/21 21:34:51:田中    select id,type,text,picture from theme where not id in(3,9,7,8) ORDER BY RAND() LIMIT 1 
2016/06/21 21:34:51:田中    select id,type,text,picture from theme  ORDER BY RAND() LIMIT 1 
2016/06/21 21:34:51:田中    select name from user where id='10';
2016/06/21 21:34:52:田中    select id,type,text,picture from theme where not id in(3) ORDER BY RAND() LIMIT 1 
2016/06/21 21:35:23:田中    select name from user where id='10';
2016/06/21 21:35:23:田中    select id,type,text,picture from theme where not id in(3,7) ORDER BY RAND() LIMIT 1 
2016/06/21 21:35:23:田中    select name from user where id='10';
2016/06/21 21:35:23:田中    select id,type,text,picture from theme where not id in(3,7,8) ORDER BY RAND() LIMIT 1 
2016/06/21 21:35:54:田中    select name from user where id='10';
2016/06/21 21:35:54:田中    select id,type,text,picture from theme where not id in(3,7,8,9) ORDER BY RAND() LIMIT 1 
2016/06/21 21:35:55:田中    select id,type,text,picture from theme  ORDER BY RAND() LIMIT 1 
2016/06/21 21:35:55:田中    select name from user where id='10';
2016/06/21 21:35:55:田中    select id,type,text,picture from theme where not id in(7) ORDER BY RAND() LIMIT 1 
2016/06/21 21:36:26:田中    select name from user where id='10';
2016/06/21 21:36:26:田中    select id,type,text,picture from theme where not id in(7,9) ORDER BY RAND() LIMIT 1 
2016/06/21 21:36:26:田中    select name from user where id='10';
2016/06/21 21:36:27:田中    select id,type,text,picture from theme where not id in(7,9,8) ORDER BY RAND() LIMIT 1 
2016/06/21 21:37:43:    select name from user where id='10';
2016/06/21 21:37:43:    select * from user where id='10'
2016/06/21 21:37:44:    update user set count=13,lastdate=now() where id='10'
2016/06/21 21:37:44:田中    select id,type,text,picture from theme where not id in(9999999999999999999999) ORDER BY RAND() LIMIT 1 
2016/06/21 21:38:15:田中    select name from user where id='10';
2016/06/21 21:38:15:田中    select id,type,text,picture from theme where not id in(9) ORDER BY RAND() LIMIT 1 
2016/06/21 21:38:16:田中    select name from user where id='10';
2016/06/21 21:38:16:田中    select id,type,text,picture from theme where not id in(9,8) ORDER BY RAND() LIMIT 1 
2016/06/21 21:46:56:    select name from user where id='10';
2016/06/21 21:46:56:    select * from user where id='10'
2016/06/21 21:46:56:    update user set count=14,lastdate=now() where id='10'
2016/06/21 21:46:56:田中    select id,type,text,picture from theme where not id in(9999999999999999999999) ORDER BY RAND() LIMIT 1 
2016/06/21 21:46:57:田中    select name from user where id='10';
2016/06/21 21:46:57:田中    select id,type,text,picture from theme where not id in(3) ORDER BY RAND() LIMIT 1 
2016/06/21 21:46:57:田中    select name from user where id='10';
2016/06/21 21:46:57:田中    select id,type,text,picture from theme where not id in(3,8) ORDER BY RAND() LIMIT 1 
2016/06/21 21:47:26:田中    select name from user where id='12';
2016/06/21 21:47:26:田中    select * from user where id='12'
2016/06/21 21:47:26:堂本竹利    select id,type,text,picture from theme where not id in(3,8,9) ORDER BY RAND() LIMIT 1 
2016/06/21 21:47:28:堂本竹利    select name from user where id='10';
2016/06/21 21:47:28:堂本竹利    select id,type,text,picture from theme where not id in(3,8,9,7) ORDER BY RAND() LIMIT 1 
2016/06/21 21:47:28:堂本竹利    select name from user where id='12';
2016/06/21 21:47:28:堂本竹利    select id,type,text,picture from theme  ORDER BY RAND() LIMIT 1 
2016/06/21 21:47:29:堂本竹利    select id,type,text,picture from theme where not id in(3,8,9,7) ORDER BY RAND() LIMIT 1 
2016/06/21 21:47:29:堂本竹利    select id,type,text,picture from theme  ORDER BY RAND() LIMIT 1 
2016/06/21 21:47:29:堂本竹利    select name from user where id='10';
2016/06/21 21:47:29:堂本竹利    select id,type,text,picture from theme where not id in(8) ORDER BY RAND() LIMIT 1 
2016/06/21 21:47:56:堂本竹利    select name from user where id='10';
2016/06/21 21:47:56:堂本竹利    select id,type,text,picture from theme where not id in(8,9) ORDER BY RAND() LIMIT 1 
2016/06/21 21:47:57:堂本竹利    select name from user where id='12';
2016/06/21 21:47:57:堂本竹利    select id,type,text,picture from theme where not id in(8,9,3) ORDER BY RAND() LIMIT 1 
2016/06/21 21:47:57:堂本竹利    select name from user where id='10';
2016/06/21 21:47:57:堂本竹利    select id,type,text,picture from theme where not id in(8,9,3,7) ORDER BY RAND() LIMIT 1 
2016/06/21 21:47:57:堂本竹利    select id,type,text,picture from theme  ORDER BY RAND() LIMIT 1 
2016/06/21 21:48:27:堂本竹利    select name from user where id='10';
2016/06/21 21:48:27:堂本竹利    select id,type,text,picture from theme where not id in(8) ORDER BY RAND() LIMIT 1 
2016/06/21 21:48:27:堂本竹利    select name from user where id='12';
2016/06/21 21:48:28:堂本竹利    select id,type,text,picture from theme where not id in(8,9) ORDER BY RAND() LIMIT 1 
2016/06/21 21:48:28:堂本竹利    select name from user where id='10';
2016/06/21 21:48:28:堂本竹利    select id,type,text,picture from theme where not id in(8,9,3) ORDER BY RAND() LIMIT 1 
2016/06/21 21:53:51:    select name from user where id='12';
2016/06/21 21:53:51:    select * from user where id='12'
2016/06/21 21:53:51:    update user set count=4,lastdate=now() where id='12'
2016/06/21 21:53:51:堂本竹利    select id,type,text,picture from theme where not id in(9999999999999999999999) ORDER BY RAND() LIMIT 1 
2016/06/21 21:55:01:堂本竹利    select name from user where id='12';
2016/06/21 21:55:01:堂本竹利    select id,type,text,picture from theme where not id in(8) ORDER BY RAND() LIMIT 1 
2016/06/21 21:55:34:堂本竹利    select name from user where id='12';
2016/06/21 21:55:34:堂本竹利    select id,type,text,picture from theme where not id in(8,9) ORDER BY RAND() LIMIT 1 
2016/06/21 21:56:06:堂本竹利    select name from user where id='12';
2016/06/21 21:56:07:堂本竹利    select id,type,text,picture from theme where not id in(8,9,7) ORDER BY RAND() LIMIT 1 
2016/06/21 21:56:39:堂本竹利    select name from user where id='12';
2016/06/21 21:56:39:堂本竹利    select id,type,text,picture from theme where not id in(8,9,7,3) ORDER BY RAND() LIMIT 1 
2016/06/21 21:56:57:堂本竹利    select id,type,text,picture from theme  ORDER BY RAND() LIMIT 1 
2016/06/21 21:57:11:堂本竹利    select name from user where id='12';
2016/06/21 21:57:11:堂本竹利    select id,type,text,picture from theme where not id in(8) ORDER BY RAND() LIMIT 1 
2016/06/21 21:57:44:堂本竹利    select name from user where id='12';
2016/06/21 21:57:44:堂本竹利    select id,type,text,picture from theme where not id in(8,7) ORDER BY RAND() LIMIT 1 
2016/06/21 21:58:17:堂本竹利    select name from user where id='12';
2016/06/21 21:58:17:堂本竹利    select id,type,text,picture from theme where not id in(8,7,3) ORDER BY RAND() LIMIT 1 
2016/06/21 22:05:33:    select name from user where id='12';
2016/06/21 22:05:33:    select * from user where id='12'
2016/06/21 22:05:33:    update user set count=5,lastdate=now() where id='12'
2016/06/21 22:05:33:堂本竹利    select id,type,text,picture from theme where not id in(9999999999999999999999) ORDER BY RAND() LIMIT 1 
2016/06/21 22:06:07:堂本竹利    select name from user where id='12';
2016/06/21 22:06:07:堂本竹利    select id,type,text,picture from theme where not id in(3) ORDER BY RAND() LIMIT 1 
2016/06/21 22:06:40:堂本竹利    select name from user where id='12';
2016/06/21 22:06:40:堂本竹利    select id,type,text,picture from theme where not id in(3,9) ORDER BY RAND() LIMIT 1 
2016/06/21 22:07:12:堂本竹利    select name from user where id='12';
2016/06/21 22:07:12:堂本竹利    select id,type,text,picture from theme where not id in(3,9,8) ORDER BY RAND() LIMIT 1 
2016/06/21 22:07:45:堂本竹利    select name from user where id='12';
2016/06/21 22:07:45:堂本竹利    select id,type,text,picture from theme where not id in(3,9,8,7) ORDER BY RAND() LIMIT 1 
2016/06/21 22:07:45:堂本竹利    select id,type,text,picture from theme  ORDER BY RAND() LIMIT 1 
2016/06/21 22:08:18:堂本竹利    select name from user where id='12';
2016/06/21 22:08:18:堂本竹利    select id,type,text,picture from theme where not id in(8) ORDER BY RAND() LIMIT 1 
2016/06/21 22:08:50:堂本竹利    select name from user where id='12';
2016/06/21 22:08:51:堂本竹利    select id,type,text,picture from theme where not id in(8,7) ORDER BY RAND() LIMIT 1 
2016/06/21 22:09:23:堂本竹利    select name from user where id='12';
2016/06/21 22:09:23:堂本竹利    select id,type,text,picture from theme where not id in(8,7,3) ORDER BY RAND() LIMIT 1 
2016/06/21 22:09:56:堂本竹利    select name from user where id='12';
2016/06/21 22:09:56:堂本竹利    select id,type,text,picture from theme where not id in(8,7,3,9) ORDER BY RAND() LIMIT 1 
2016/06/21 22:09:56:堂本竹利    select id,type,text,picture from theme  ORDER BY RAND() LIMIT 1 
2016/06/21 22:10:28:堂本竹利    select name from user where id='12';
2016/06/21 22:10:29:堂本竹利    select id,type,text,picture from theme where not id in(7) ORDER BY RAND() LIMIT 1 
2016/06/21 22:11:01:堂本竹利    select name from user where id='12';
2016/06/21 22:11:01:堂本竹利    select id,type,text,picture from theme where not id in(7,3) ORDER BY RAND() LIMIT 1 
2016/06/21 22:11:34:堂本竹利    select name from user where id='12';
2016/06/21 22:11:34:堂本竹利    select id,type,text,picture from theme where not id in(7,3,9) ORDER BY RAND() LIMIT 1 
2016/06/21 22:12:06:堂本竹利    select name from user where id='12';
2016/06/21 22:12:07:堂本竹利    select id,type,text,picture from theme where not id in(7,3,9,8) ORDER BY RAND() LIMIT 1 
2016/06/21 22:12:07:堂本竹利    select id,type,text,picture from theme  ORDER BY RAND() LIMIT 1 
2016/06/21 22:12:21:堂本竹利    select name from user where id='10';
2016/06/21 22:12:21:堂本竹利    select * from user where id='10'
2016/06/21 22:12:21:田中    select id,type,text,picture from theme where not id in(9) ORDER BY RAND() LIMIT 1 
2016/06/21 22:12:38:田中    select name from user where id='12';
2016/06/21 22:12:39:田中    select id,type,text,picture from theme where not id in(9,7) ORDER BY RAND() LIMIT 1 
2016/06/21 22:12:39:田中    select name from user where id='10';
2016/06/21 22:12:39:田中    select id,type,text,picture from theme where not id in(9,7,3) ORDER BY RAND() LIMIT 1 
2016/06/21 22:12:41:田中    select name from user where id='11';
2016/06/21 22:12:41:田中    select * from user where id='11'
2016/06/21 22:12:41:yamanaka    select id,type,text,picture from theme where not id in(9,7,3,8) ORDER BY RAND() LIMIT 1 
2016/06/21 22:12:42:yamanaka    select id,type,text,picture from theme  ORDER BY RAND() LIMIT 1 
2016/06/21 22:13:09:yamanaka    select name from user where id='12';
2016/06/21 22:13:09:yamanaka    select id,type,text,picture from theme where not id in(3) ORDER BY RAND() LIMIT 1 
2016/06/21 22:13:10:yamanaka    select name from user where id='11';
2016/06/21 22:13:10:yamanaka    select id,type,text,picture from theme where not id in(3,7) ORDER BY RAND() LIMIT 1 
2016/06/21 22:13:10:yamanaka    select name from user where id='10';
2016/06/21 22:13:10:yamanaka    select id,type,text,picture from theme where not id in(3,7,8) ORDER BY RAND() LIMIT 1 
2016/06/21 22:13:41:yamanaka    select name from user where id='12';
2016/06/21 22:13:41:yamanaka    select id,type,text,picture from theme where not id in(3,7,8,9) ORDER BY RAND() LIMIT 1 
2016/06/21 22:13:41:yamanaka    select name from user where id='11';
2016/06/21 22:13:41:yamanaka    select id,type,text,picture from theme  ORDER BY RAND() LIMIT 1 
2016/06/21 22:13:41:yamanaka    select id,type,text,picture from theme where not id in(3,7,8,9) ORDER BY RAND() LIMIT 1 
2016/06/21 22:13:41:yamanaka    select id,type,text,picture from theme  ORDER BY RAND() LIMIT 1 
2016/06/21 22:13:42:yamanaka    select name from user where id='10';
2016/06/21 22:13:42:yamanaka    select id,type,text,picture from theme where not id in(8) ORDER BY RAND() LIMIT 1 
2016/06/21 22:18:23:    select * from user where id='10'
2016/06/21 22:18:23:    update user set count=15,lastdate=now() where id='10'
2016/06/21 22:18:23:田中    select id,type,text,picture from theme where not id in(9999999999999999999999) ORDER BY RAND() LIMIT 1 
2016/06/21 22:18:24:田中    select * from user where id='11'
2016/06/21 22:18:24:yamanaka    select id,type,text,picture from theme where not id in(9) ORDER BY RAND() LIMIT 1 
2016/06/21 22:18:28:yamanaka    select id,type,text,picture from theme where not id in(9,7) ORDER BY RAND() LIMIT 1 
2016/06/21 22:18:32:yamanaka    select * from user where id='12'
2016/06/21 22:18:32:堂本竹利    select id,type,text,picture from theme where not id in(9,7,3) ORDER BY RAND() LIMIT 1 
2016/06/21 22:18:56:堂本竹利    select id,type,text,picture from theme where not id in(9,7,3,8) ORDER BY RAND() LIMIT 1 
2016/06/21 22:18:56:堂本竹利    select id,type,text,picture from theme  ORDER BY RAND() LIMIT 1 
2016/06/21 22:18:56:堂本竹利    select id,type,text,picture from theme where not id in(9) ORDER BY RAND() LIMIT 1 
2016/06/21 22:18:57:堂本竹利    select id,type,text,picture from theme where not id in(9,7) ORDER BY RAND() LIMIT 1 
2016/06/21 22:19:28:堂本竹利    select id,type,text,picture from theme where not id in(9,7,3) ORDER BY RAND() LIMIT 1 
2016/06/21 22:19:28:堂本竹利    select id,type,text,picture from theme where not id in(9,7,3,8) ORDER BY RAND() LIMIT 1 
2016/06/21 22:19:28:堂本竹利    select id,type,text,picture from theme where not id in(9,7,3,8) ORDER BY RAND() LIMIT 1 
2016/06/21 22:19:28:堂本竹利    select id,type,text,picture from theme  ORDER BY RAND() LIMIT 1 
2016/06/21 22:19:29:堂本竹利    select id,type,text,picture from theme  ORDER BY RAND() LIMIT 1 
2016/06/21 22:19:59:堂本竹利    select id,type,text,picture from theme where not id in(8) ORDER BY RAND() LIMIT 1 
2016/06/21 22:19:59:堂本竹利    select id,type,text,picture from theme where not id in(8) ORDER BY RAND() LIMIT 1 
2016/06/21 22:19:59:堂本竹利    select id,type,text,picture from theme where not id in(8,7) ORDER BY RAND() LIMIT 1 
2016/06/21 22:20:30:堂本竹利    select id,type,text,picture from theme where not id in(8,7,9,3) ORDER BY RAND() LIMIT 1 
2016/06/21 22:20:30:堂本竹利    select id,type,text,picture from theme  ORDER BY RAND() LIMIT 1 
2016/06/21 22:20:31:堂本竹利    select id,type,text,picture from theme where not id in(9) ORDER BY RAND() LIMIT 1 
2016/06/21 22:20:31:堂本竹利    select id,type,text,picture from theme where not id in(9,8) ORDER BY RAND() LIMIT 1 
2016/06/21 22:21:02:堂本竹利    select id,type,text,picture from theme where not id in(9,8,7) ORDER BY RAND() LIMIT 1 
2016/06/21 22:21:02:堂本竹利    select id,type,text,picture from theme where not id in(9,8,7,3) ORDER BY RAND() LIMIT 1 
2016/06/21 22:21:02:堂本竹利    select id,type,text,picture from theme  ORDER BY RAND() LIMIT 1 
2016/06/21 22:21:02:堂本竹利    select id,type,text,picture from theme where not id in(7) ORDER BY RAND() LIMIT 1 
